#
# There is insufficient memory for the Java Runtime Environment to continue.
# Native memory allocation (malloc) failed to allocate 2097152 bytes. Error detail: AllocateHeap
# Possible reasons:
#   The system is out of physical RAM or swap space
#   This process is running with CompressedOops enabled, and the Java Heap may be blocking the growth of the native heap
# Possible solutions:
#   Reduce memory load on the system
#   Increase physical memory or swap space
#   Check if swap backing store is full
#   Decrease Java heap size (-Xmx/-Xms)
#   Decrease number of Java threads
#   Decrease Java thread stack sizes (-Xss)
#   Set larger code cache with -XX:ReservedCodeCacheSize=
#   JVM is running with Unscaled Compressed Oops mode in which the Java heap is
#     placed in the first 4GB address space. The Java Heap base address is the
#     maximum limit for the native heap growth. Please use -XX:HeapBaseMinAddress
#     to set the Java Heap base and to place the Java Heap above 4GB virtual address.
# This output file may be truncated or incomplete.
#
#  Out of Memory Error (allocation.cpp:44), pid=3784, tid=13904
#
# JRE version: OpenJDK Runtime Environment Temurin-17.0.11+9 (17.0.11+9) (build 17.0.11+9)
# Java VM: OpenJDK 64-Bit Server VM Temurin-17.0.11+9 (17.0.11+9, mixed mode, emulated-client, tiered, compressed oops, compressed class ptrs, g1 gc, windows-amd64)
# No core dump will be written. Minidumps are not enabled by default on client versions of Windows
#

---------------  S U M M A R Y ------------

Command Line: -Xmx1024m -Dsts.lsp.client=vscode -Dsts.log.file=/dev/null -XX:TieredStopAtLevel=1 -Xlog:jni+resolve=off -Dspring.config.location=file:c:\Users\Sumanth Reddy\.vscode\extensions\vmware.vscode-spring-boot-1.55.1\language-server\BOOT-INF\classes\application.properties org.springframework.ide.vscode.boot.app.BootLanguageServerBootApp

Host: AMD Athlon 300U with Radeon Vega Mobile Gfx    , 4 cores, 3G,  Windows 11 , 64 bit Build 22621 (10.0.22621.3672)
Time: Thu Jun 20 17:31:39 2024 India Standard Time elapsed time: 54.067115 seconds (0d 0h 0m 54s)

---------------  T H R E A D  ---------------

Current thread (0x000002392e83c1f0):  VMThread "VM Thread" [stack: 0x00000075f7a00000,0x00000075f7b00000] [id=13904]

Stack: [0x00000075f7a00000,0x00000075f7b00000]
Native frames: (J=compiled Java code, j=interpreted, Vv=VM code, C=native code)
V  [jvm.dll+0x67d429]
V  [jvm.dll+0x834b7a]
V  [jvm.dll+0x83663e]
V  [jvm.dll+0x836ca3]
V  [jvm.dll+0x247dbf]
V  [jvm.dll+0xa6cb3]
V  [jvm.dll+0x2f8b61]
V  [jvm.dll+0x2f4750]
V  [jvm.dll+0x2dcf67]
V  [jvm.dll+0x31fb67]
V  [jvm.dll+0x83b19b]
V  [jvm.dll+0x83bed2]
V  [jvm.dll+0x83c3ed]
V  [jvm.dll+0x83c7c4]
V  [jvm.dll+0x83c890]
V  [jvm.dll+0x7e410a]
V  [jvm.dll+0x67c315]
C  [ucrtbase.dll+0x29333]
C  [KERNEL32.DLL+0x1257d]
C  [ntdll.dll+0x5af28]

VM_Operation (0x00000075f8cfec40): G1CollectFull, mode: safepoint, requested by thread 0x000002393433f060


---------------  P R O C E S S  ---------------

Threads class SMR info:
_java_thread_list=0x00000239344107f0, length=23, elements={
0x000002392e853380, 0x000002392e855f20, 0x000002392e8816e0, 0x000002392e882a80,
0x000002392e884360, 0x000002392e884c30, 0x000002392e885dc0, 0x000002392e899010,
0x000002392eb98120, 0x000002392eb971d0, 0x0000023934135080, 0x000002393433f060,
0x000002393412e070, 0x0000023924317e00, 0x0000023933f43530, 0x0000023933f501d0,
0x00000239344a2820, 0x00000239344a2d30, 0x00000239344a3750, 0x00000239344a4680,
0x00000239344a2310, 0x00000239344a3c60, 0x00000239344a4170
}

Java Threads: ( => current thread )
  0x000002392e853380 JavaThread "Reference Handler" daemon [_thread_blocked, id=9412, stack(0x00000075f7b00000,0x00000075f7c00000)]
  0x000002392e855f20 JavaThread "Finalizer" daemon [_thread_blocked, id=8120, stack(0x00000075f7c00000,0x00000075f7d00000)]
  0x000002392e8816e0 JavaThread "Signal Dispatcher" daemon [_thread_blocked, id=9752, stack(0x00000075f7d00000,0x00000075f7e00000)]
  0x000002392e882a80 JavaThread "Attach Listener" daemon [_thread_blocked, id=2520, stack(0x00000075f7e00000,0x00000075f7f00000)]
  0x000002392e884360 JavaThread "Service Thread" daemon [_thread_blocked, id=5316, stack(0x00000075f7f00000,0x00000075f8000000)]
  0x000002392e884c30 JavaThread "Monitor Deflation Thread" daemon [_thread_blocked, id=4828, stack(0x00000075f8000000,0x00000075f8100000)]
  0x000002392e885dc0 JavaThread "C1 CompilerThread0" daemon [_thread_blocked, id=5472, stack(0x00000075f8100000,0x00000075f8200000)]
  0x000002392e899010 JavaThread "Sweeper thread" daemon [_thread_blocked, id=13228, stack(0x00000075f8200000,0x00000075f8300000)]
  0x000002392eb98120 JavaThread "Notification Thread" daemon [_thread_blocked, id=9552, stack(0x00000075f8400000,0x00000075f8500000)]
  0x000002392eb971d0 JavaThread "Common-Cleaner" daemon [_thread_blocked, id=8832, stack(0x00000075f8600000,0x00000075f8700000)]
  0x0000023934135080 JavaThread "boundedElastic-evictor-1" daemon [_thread_blocked, id=4312, stack(0x00000075f8a00000,0x00000075f8b00000)]
  0x000002393433f060 JavaThread "pool-13-thread-1" [_thread_blocked, id=6860, stack(0x00000075f8c00000,0x00000075f8d00000)]
  0x000002393412e070 JavaThread "LanguageServerApp-lifecycle" [_thread_blocked, id=10364, stack(0x00000075f8d00000,0x00000075f8e00000)]
  0x0000023924317e00 JavaThread "DestroyJavaVM" [_thread_blocked, id=8528, stack(0x00000075f7400000,0x00000075f7500000)]
  0x0000023933f43530 JavaThread "pool-14-thread-1" [_thread_in_native, id=12880, stack(0x00000075f8e00000,0x00000075f8f00000)]
  0x0000023933f501d0 JavaThread "Simple-Language-Server main thread" daemon [_thread_blocked, id=6192, stack(0x00000075f8f00000,0x00000075f9000000)]
  0x00000239344a2820 JavaThread "pool-8-thread-1" [_thread_blocked, id=4876, stack(0x00000075f9000000,0x00000075f9100000)]
  0x00000239344a2d30 JavaThread "parallel-1" daemon [_thread_blocked, id=9416, stack(0x00000075f9100000,0x00000075f9200000)]
  0x00000239344a3750 JavaThread "parallel-2" daemon [_thread_blocked, id=9052, stack(0x00000075f9200000,0x00000075f9300000)]
  0x00000239344a4680 JavaThread "pool-6-thread-1" [_thread_blocked, id=8500, stack(0x00000075f9300000,0x00000075f9400000)]
  0x00000239344a2310 JavaThread "parallel-3" daemon [_thread_blocked, id=7084, stack(0x00000075f9400000,0x00000075f9500000)]
  0x00000239344a3c60 JavaThread "parallel-4" daemon [_thread_blocked, id=6948, stack(0x00000075f9500000,0x00000075f9600000)]
  0x00000239344a4170 JavaThread "Reconciler-1" daemon [_thread_blocked, id=8496, stack(0x00000075f9600000,0x00000075f9700000)]

Other Threads:
=>0x000002392e83c1f0 VMThread "VM Thread" [stack: 0x00000075f7a00000,0x00000075f7b00000] [id=13904]
  0x000002392eb98600 WatcherThread [stack: 0x00000075f8500000,0x00000075f8600000] [id=6536]
  0x0000023924355760 GCTaskThread "GC Thread#0" [stack: 0x00000075f7500000,0x00000075f7600000] [id=8092]
  0x000002393347fd60 GCTaskThread "GC Thread#1" [stack: 0x00000075f8700000,0x00000075f8800000] [id=12520]
  0x00000239334b8790 GCTaskThread "GC Thread#2" [stack: 0x00000075f8800000,0x00000075f8900000] [id=9208]
  0x0000023933860c90 GCTaskThread "GC Thread#3" [stack: 0x00000075f8900000,0x00000075f8a00000] [id=2876]
  0x000002392435e6b0 ConcurrentGCThread "G1 Main Marker" [stack: 0x00000075f7600000,0x00000075f7700000] [id=10976]
  0x000002392435f0d0 ConcurrentGCThread "G1 Conc#0" [stack: 0x00000075f7700000,0x00000075f7800000] [id=12572]
  0x000002392439a160 ConcurrentGCThread "G1 Refine#0" [stack: 0x00000075f7800000,0x00000075f7900000] [id=7592]
  0x000002392439ab90 ConcurrentGCThread "G1 Service" [stack: 0x00000075f7900000,0x00000075f7a00000] [id=10948]

Threads with active compile tasks:

VM state: at safepoint (normal execution)

VM Mutex/Monitor currently owned by a thread:  ([mutex/lock_event])
[0x0000023922080a90] Threads_lock - owner thread: 0x000002392e83c1f0
[0x000002392207b0f0] Heap_lock - owner thread: 0x000002393433f060

Heap address: 0x00000000c0000000, size: 1024 MB, Compressed Oops mode: 32-bit

CDS archive(s) not mapped
Compressed class space mapped at: 0x0000000100000000-0x0000000140000000, reserved size: 1073741824
Narrow klass base: 0x0000000000000000, Narrow klass shift: 3, Narrow klass range: 0x140000000

GC Precious Log:
 CPUs: 4 total, 4 available
 Memory: 3511M
 Large Page Support: Disabled
 NUMA Support: Disabled
 Compressed Oops: Enabled (32-bit)
 Heap Region Size: 1M
 Heap Min Capacity: 8M
 Heap Initial Capacity: 56M
 Heap Max Capacity: 1G
 Pre-touch: Disabled
 Parallel Workers: 4
 Concurrent Workers: 1
 Concurrent Refinement Workers: 4
 Periodic GC: Disabled

Heap:
 garbage-first heap   total 69632K, used 34040K [0x00000000c0000000, 0x0000000100000000)
  region size 1024K, 5 young (5120K), 2 survivors (2048K)
 Metaspace       used 39361K, committed 39808K, reserved 1114112K
  class space    used 5216K, committed 5440K, reserved 1048576K

Heap Regions: E=young(eden), S=young(survivor), O=old, HS=humongous(starts), HC=humongous(continues), CS=collection set, F=free, OA=open archive, CA=closed archive, TAMS=top-at-mark-start (previous, next)
|   0|0x00000000c0000000, 0x00000000c0100000, 0x00000000c0100000|100%|HS|  |TAMS 0x00000000c0100000, 0x00000000c0000000| Complete 
|   1|0x00000000c0100000, 0x00000000c0200000, 0x00000000c0200000|100%|HC|  |TAMS 0x00000000c0200000, 0x00000000c0100000| Complete 
|   2|0x00000000c0200000, 0x00000000c0300000, 0x00000000c0300000|100%|HC|  |TAMS 0x00000000c0300000, 0x00000000c0200000| Complete 
|   3|0x00000000c0300000, 0x00000000c0400000, 0x00000000c0400000|100%|HC|  |TAMS 0x00000000c0400000, 0x00000000c0300000| Complete 
|   4|0x00000000c0400000, 0x00000000c0500000, 0x00000000c0500000|100%| O|  |TAMS 0x00000000c0500000, 0x00000000c0400000| Untracked 
|   5|0x00000000c0500000, 0x00000000c0600000, 0x00000000c0600000|100%| O|  |TAMS 0x00000000c0600000, 0x00000000c0500000| Untracked 
|   6|0x00000000c0600000, 0x00000000c0700000, 0x00000000c0700000|100%| O|  |TAMS 0x00000000c0700000, 0x00000000c0600000| Untracked 
|   7|0x00000000c0700000, 0x00000000c0800000, 0x00000000c0800000|100%| O|  |TAMS 0x00000000c0800000, 0x00000000c0700000| Untracked 
|   8|0x00000000c0800000, 0x00000000c0900000, 0x00000000c0900000|100%| O|  |TAMS 0x00000000c0900000, 0x00000000c0800000| Untracked 
|   9|0x00000000c0900000, 0x00000000c0a00000, 0x00000000c0a00000|100%| O|  |TAMS 0x00000000c0a00000, 0x00000000c0900000| Untracked 
|  10|0x00000000c0a00000, 0x00000000c0b00000, 0x00000000c0b00000|100%|HS|  |TAMS 0x00000000c0b00000, 0x00000000c0a00000| Complete 
|  11|0x00000000c0b00000, 0x00000000c0c00000, 0x00000000c0c00000|100%|HC|  |TAMS 0x00000000c0c00000, 0x00000000c0b00000| Complete 
|  12|0x00000000c0c00000, 0x00000000c0d00000, 0x00000000c0d00000|100%| O|  |TAMS 0x00000000c0d00000, 0x00000000c0c00000| Untracked 
|  13|0x00000000c0d00000, 0x00000000c0e00000, 0x00000000c0e00000|100%| O|  |TAMS 0x00000000c0e00000, 0x00000000c0d00000| Untracked 
|  14|0x00000000c0e00000, 0x00000000c0f00000, 0x00000000c0f00000|100%| O|  |TAMS 0x00000000c0f00000, 0x00000000c0e00000| Untracked 
|  15|0x00000000c0f00000, 0x00000000c1000000, 0x00000000c1000000|100%| O|  |TAMS 0x00000000c1000000, 0x00000000c0f00000| Untracked 
|  16|0x00000000c1000000, 0x00000000c1100000, 0x00000000c1100000|100%| O|  |TAMS 0x00000000c1100000, 0x00000000c1000000| Untracked 
|  17|0x00000000c1100000, 0x00000000c1200000, 0x00000000c1200000|100%| O|  |TAMS 0x00000000c1200000, 0x00000000c1100000| Untracked 
|  18|0x00000000c1200000, 0x00000000c1300000, 0x00000000c1300000|100%| O|  |TAMS 0x00000000c1300000, 0x00000000c1200000| Untracked 
|  19|0x00000000c1300000, 0x00000000c1400000, 0x00000000c1400000|100%| O|  |TAMS 0x00000000c1400000, 0x00000000c1300000| Untracked 
|  20|0x00000000c1400000, 0x00000000c1500000, 0x00000000c1500000|100%| O|  |TAMS 0x00000000c1500000, 0x00000000c1400000| Untracked 
|  21|0x00000000c1500000, 0x00000000c1600000, 0x00000000c1600000|100%| O|  |TAMS 0x00000000c1600000, 0x00000000c1500000| Untracked 
|  22|0x00000000c1600000, 0x00000000c1700000, 0x00000000c1700000|100%| O|  |TAMS 0x00000000c1700000, 0x00000000c1600000| Untracked 
|  23|0x00000000c1700000, 0x00000000c1800000, 0x00000000c1800000|100%| O|  |TAMS 0x00000000c1800000, 0x00000000c1700000| Untracked 
|  24|0x00000000c1800000, 0x00000000c1900000, 0x00000000c1900000|100%| O|  |TAMS 0x00000000c186e400, 0x00000000c1800000| Untracked 
|  25|0x00000000c1900000, 0x00000000c1a00000, 0x00000000c1a00000|100%| O|  |TAMS 0x00000000c1900000, 0x00000000c1900000| Untracked 
|  26|0x00000000c1a00000, 0x00000000c1b00000, 0x00000000c1b00000|100%| O|  |TAMS 0x00000000c1a00000, 0x00000000c1a00000| Untracked 
|  27|0x00000000c1b00000, 0x00000000c1c00000, 0x00000000c1c00000|100%| O|  |TAMS 0x00000000c1b00000, 0x00000000c1b00000| Untracked 
|  28|0x00000000c1c00000, 0x00000000c1d00000, 0x00000000c1d00000|100%| O|  |TAMS 0x00000000c1c00000, 0x00000000c1c00000| Untracked 
|  29|0x00000000c1d00000, 0x00000000c1d46200, 0x00000000c1e00000| 27%| O|  |TAMS 0x00000000c1d00000, 0x00000000c1d00000| Untracked 
|  30|0x00000000c1e00000, 0x00000000c1e00000, 0x00000000c1f00000|  0%| F|  |TAMS 0x00000000c1e00000, 0x00000000c1e00000| Untracked 
|  31|0x00000000c1f00000, 0x00000000c1f00000, 0x00000000c2000000|  0%| F|  |TAMS 0x00000000c1f00000, 0x00000000c1f00000| Untracked 
|  32|0x00000000c2000000, 0x00000000c2000000, 0x00000000c2100000|  0%| F|  |TAMS 0x00000000c2000000, 0x00000000c2000000| Untracked 
|  33|0x00000000c2100000, 0x00000000c2100000, 0x00000000c2200000|  0%| F|  |TAMS 0x00000000c2100000, 0x00000000c2100000| Untracked 
|  34|0x00000000c2200000, 0x00000000c2200000, 0x00000000c2300000|  0%| F|  |TAMS 0x00000000c2200000, 0x00000000c2200000| Untracked 
|  35|0x00000000c2300000, 0x00000000c2300000, 0x00000000c2400000|  0%| F|  |TAMS 0x00000000c2300000, 0x00000000c2300000| Untracked 
|  36|0x00000000c2400000, 0x00000000c2400000, 0x00000000c2500000|  0%| F|  |TAMS 0x00000000c2400000, 0x00000000c2400000| Untracked 
|  37|0x00000000c2500000, 0x00000000c2500000, 0x00000000c2600000|  0%| F|  |TAMS 0x00000000c2500000, 0x00000000c2500000| Untracked 
|  38|0x00000000c2600000, 0x00000000c2600000, 0x00000000c2700000|  0%| F|  |TAMS 0x00000000c2600000, 0x00000000c2600000| Untracked 
|  39|0x00000000c2700000, 0x00000000c2700000, 0x00000000c2800000|  0%| F|  |TAMS 0x00000000c2700000, 0x00000000c2700000| Untracked 
|  40|0x00000000c2800000, 0x00000000c2800000, 0x00000000c2900000|  0%| F|  |TAMS 0x00000000c2800000, 0x00000000c2800000| Untracked 
|  41|0x00000000c2900000, 0x00000000c2900000, 0x00000000c2a00000|  0%| F|  |TAMS 0x00000000c2900000, 0x00000000c2900000| Untracked 
|  42|0x00000000c2a00000, 0x00000000c2af8190, 0x00000000c2b00000| 96%| S|CS|TAMS 0x00000000c2a00000, 0x00000000c2a00000| Complete 
|  43|0x00000000c2b00000, 0x00000000c2c00000, 0x00000000c2c00000|100%| S|CS|TAMS 0x00000000c2b00000, 0x00000000c2b00000| Complete 
|  44|0x00000000c2c00000, 0x00000000c2c00000, 0x00000000c2d00000|  0%| F|  |TAMS 0x00000000c2c00000, 0x00000000c2c00000| Untracked 
|  45|0x00000000c2d00000, 0x00000000c2d00000, 0x00000000c2e00000|  0%| F|  |TAMS 0x00000000c2d00000, 0x00000000c2d00000| Untracked 
|  46|0x00000000c2e00000, 0x00000000c2e00000, 0x00000000c2f00000|  0%| F|  |TAMS 0x00000000c2e00000, 0x00000000c2e00000| Untracked 
|  47|0x00000000c2f00000, 0x00000000c2f00000, 0x00000000c3000000|  0%| F|  |TAMS 0x00000000c2f00000, 0x00000000c2f00000| Untracked 
|  48|0x00000000c3000000, 0x00000000c3000000, 0x00000000c3100000|  0%| F|  |TAMS 0x00000000c3000000, 0x00000000c3000000| Untracked 
|  49|0x00000000c3100000, 0x00000000c3100000, 0x00000000c3200000|  0%| F|  |TAMS 0x00000000c3100000, 0x00000000c3100000| Untracked 
|  50|0x00000000c3200000, 0x00000000c3200000, 0x00000000c3300000|  0%| F|  |TAMS 0x00000000c3200000, 0x00000000c3200000| Untracked 
|  51|0x00000000c3300000, 0x00000000c3300000, 0x00000000c3400000|  0%| F|  |TAMS 0x00000000c3300000, 0x00000000c3300000| Untracked 
|  52|0x00000000c3400000, 0x00000000c3400000, 0x00000000c3500000|  0%| F|  |TAMS 0x00000000c3400000, 0x00000000c3400000| Untracked 
|  53|0x00000000c3500000, 0x00000000c3500000, 0x00000000c3600000|  0%| F|  |TAMS 0x00000000c3500000, 0x00000000c3500000| Untracked 
|  54|0x00000000c3600000, 0x00000000c3600000, 0x00000000c3700000|  0%| F|  |TAMS 0x00000000c3600000, 0x00000000c3600000| Untracked 
|  55|0x00000000c3700000, 0x00000000c3700000, 0x00000000c3800000|  0%| F|  |TAMS 0x00000000c3700000, 0x00000000c3700000| Untracked 
|  56|0x00000000c3800000, 0x00000000c3800000, 0x00000000c3900000|  0%| F|  |TAMS 0x00000000c3800000, 0x00000000c3800000| Untracked 
|  57|0x00000000c3900000, 0x00000000c3900000, 0x00000000c3a00000|  0%| F|  |TAMS 0x00000000c3900000, 0x00000000c3900000| Untracked 
|  58|0x00000000c3a00000, 0x00000000c3a00000, 0x00000000c3b00000|  0%| F|  |TAMS 0x00000000c3a00000, 0x00000000c3a00000| Untracked 
|  59|0x00000000c3b00000, 0x00000000c3b00000, 0x00000000c3c00000|  0%| F|  |TAMS 0x00000000c3b00000, 0x00000000c3b00000| Untracked 
|  60|0x00000000c3c00000, 0x00000000c3c00000, 0x00000000c3d00000|  0%| F|  |TAMS 0x00000000c3c00000, 0x00000000c3c00000| Untracked 
|  61|0x00000000c3d00000, 0x00000000c3d00000, 0x00000000c3e00000|  0%| F|  |TAMS 0x00000000c3d00000, 0x00000000c3d00000| Untracked 
|  62|0x00000000c3e00000, 0x00000000c3e00000, 0x00000000c3f00000|  0%| F|  |TAMS 0x00000000c3e00000, 0x00000000c3e00000| Untracked 
|  63|0x00000000c3f00000, 0x00000000c3f00000, 0x00000000c4000000|  0%| F|  |TAMS 0x00000000c3f00000, 0x00000000c3f00000| Untracked 
|  64|0x00000000c4000000, 0x00000000c4000000, 0x00000000c4100000|  0%| F|  |TAMS 0x00000000c4000000, 0x00000000c4000000| Untracked 
|  65|0x00000000c4100000, 0x00000000c4170a78, 0x00000000c4200000| 44%| E|  |TAMS 0x00000000c4100000, 0x00000000c4100000| Complete 
|  66|0x00000000c4200000, 0x00000000c4300000, 0x00000000c4300000|100%| E|CS|TAMS 0x00000000c4200000, 0x00000000c4200000| Complete 
|  67|0x00000000c4300000, 0x00000000c4400000, 0x00000000c4400000|100%| E|CS|TAMS 0x00000000c4300000, 0x00000000c4300000| Complete 

Card table byte_map: [0x0000023929fa0000,0x000002392a1a0000] _byte_map_base: 0x00000239299a0000

Marking Bits (Prev, Next): (CMBitMap*) 0x0000023924355d80, (CMBitMap*) 0x0000023924355dc0
 Prev Bits: [0x000002392a3a0000, 0x000002392b3a0000)
 Next Bits: [0x000002392b3a0000, 0x000002392c3a0000)

Polling page: 0x0000023922260000

Metaspace:

Usage:
  Non-class:     33.34 MB used.
      Class:      5.09 MB used.
       Both:     38.44 MB used.

Virtual space:
  Non-class space:       64.00 MB reserved,      33.56 MB ( 52%) committed,  1 nodes.
      Class space:        1.00 GB reserved,       5.31 MB ( <1%) committed,  1 nodes.
             Both:        1.06 GB reserved,      38.88 MB (  4%) committed. 

Chunk freelists:
   Non-Class:  14.14 MB
       Class:  10.75 MB
        Both:  24.88 MB

MaxMetaspaceSize: unlimited
CompressedClassSpaceSize: 1.00 GB
Initial GC threshold: 21.00 MB
Current GC threshold: 59.19 MB
CDS: off
MetaspaceReclaimPolicy: balanced
 - commit_granule_bytes: 65536.
 - commit_granule_words: 8192.
 - virtual_space_node_default_size: 8388608.
 - enlarge_chunks_in_place: 1.
 - new_chunks_are_fully_committed: 0.
 - uncommit_free_chunks: 1.
 - use_allocation_guard: 0.
 - handle_deallocations: 1.


Internal statistics:

num_allocs_failed_limit: 6.
num_arena_births: 504.
num_arena_deaths: 0.
num_vsnodes_births: 2.
num_vsnodes_deaths: 0.
num_space_committed: 622.
num_space_uncommitted: 0.
num_chunks_returned_to_freelist: 6.
num_chunks_taken_from_freelist: 1679.
num_chunk_merges: 6.
num_chunk_splits: 1169.
num_chunks_enlarged: 882.
num_inconsistent_stats: 0.

CodeCache: size=49152Kb used=6794Kb max_used=7911Kb free=42357Kb
 bounds [0x0000023926fa0000, 0x0000023927760000, 0x0000023929fa0000]
 total_blobs=4191 nmethods=3645 adapters=473
 compilation: enabled
              stopped_count=0, restarted_count=0
 full_count=0

Compilation events (20 events):
Event: 10.618 Thread 0x000002392eb0eda0 nmethod 3633 0x0000023927757190 code [0x0000023927757360, 0x0000023927757668]
Event: 10.618 Thread 0x000002392eb882a0 nmethod 3632 0x0000023927757790 code [0x0000023927757960, 0x0000023927757b58]
Event: 10.647 Thread 0x000002392eb0eda0 3634       1       java.lang.Class::isRecord (33 bytes)
Event: 10.648 Thread 0x000002392eb0eda0 nmethod 3634 0x0000023927757c90 code [0x0000023927757e40, 0x0000023927757f98]
Event: 10.657 Thread 0x000002392eb0eda0 3635       1       java.lang.Class::getDeclaredConstructor (31 bytes)
Event: 10.657 Thread 0x000002392e885dc0 3637       1       java.io.StringWriter::write (10 bytes)
Event: 10.657 Thread 0x000002392eb882a0 3636  s    1       java.lang.StringBuffer::append (13 bytes)
Event: 10.657 Thread 0x000002392eb882a0 nmethod 3636 0x0000023927758010 code [0x00000239277581a0, 0x0000023927758368]
Event: 10.657 Thread 0x000002392eb0eda0 nmethod 3635 0x0000023927758410 code [0x0000023927758600, 0x0000023927758918]
Event: 10.658 Thread 0x000002392e885dc0 nmethod 3637 0x0000023927758b90 code [0x0000023927758d40, 0x0000023927758f28]
Event: 11.255 Thread 0x000002392eb0eda0 3639       1       java.lang.invoke.InvokerBytecodeGenerator::emitIconstInsn (75 bytes)
Event: 11.256 Thread 0x000002392eb0eda0 nmethod 3639 0x0000023927759310 code [0x0000023927759500, 0x00000239277597b8]
Event: 11.264 Thread 0x000002392eb0eda0 3640       1       java.net.URI$Parser::at (23 bytes)
Event: 11.265 Thread 0x000002392eb0eda0 nmethod 3640 0x0000023927759910 code [0x0000023927759ac0, 0x0000023927759cf8]
Event: 39.688 Thread 0x000002392e885dc0 3641       1       java.util.ArrayList::<init> (63 bytes)
Event: 39.703 Thread 0x000002392e885dc0 nmethod 3641 0x000002392714ba10 code [0x000002392714bbe0, 0x000002392714beb8]
Event: 50.356 Thread 0x000002392e885dc0 3642       1       java.lang.invoke.StringConcatFactory::parseRecipe (198 bytes)
Event: 50.388 Thread 0x000002392e885dc0 nmethod 3642 0x000002392714a110 code [0x000002392714a3e0, 0x000002392714b138]
Event: 54.045 Thread 0x000002392e885dc0 3645       1       java.util.logging.Logger::getName (5 bytes)
Event: 54.046 Thread 0x000002392e885dc0 nmethod 3645 0x0000023927149810 code [0x00000239271499a0, 0x0000023927149a78]

GC Heap History (20 events):
Event: 4.291 GC heap before
{Heap before GC invocations=2 (full 0):
 garbage-first heap   total 57344K, used 28147K [0x00000000c0000000, 0x0000000100000000)
  region size 1024K, 14 young (14336K), 2 survivors (2048K)
 Metaspace       used 11232K, committed 11328K, reserved 1114112K
  class space    used 1347K, committed 1408K, reserved 1048576K
}
Event: 4.297 GC heap after
{Heap after GC invocations=3 (full 0):
 garbage-first heap   total 57344K, used 17105K [0x00000000c0000000, 0x0000000100000000)
  region size 1024K, 2 young (2048K), 2 survivors (2048K)
 Metaspace       used 11232K, committed 11328K, reserved 1114112K
  class space    used 1347K, committed 1408K, reserved 1048576K
}
Event: 5.106 GC heap before
{Heap before GC invocations=3 (full 0):
 garbage-first heap   total 57344K, used 31441K [0x00000000c0000000, 0x0000000100000000)
  region size 1024K, 16 young (16384K), 2 survivors (2048K)
 Metaspace       used 14106K, committed 14336K, reserved 1114112K
  class space    used 1754K, committed 1856K, reserved 1048576K
}
Event: 5.113 GC heap after
{Heap after GC invocations=4 (full 0):
 garbage-first heap   total 57344K, used 18049K [0x00000000c0000000, 0x0000000100000000)
  region size 1024K, 1 young (1024K), 1 survivors (1024K)
 Metaspace       used 14106K, committed 14336K, reserved 1114112K
  class space    used 1754K, committed 1856K, reserved 1048576K
}
Event: 5.928 GC heap before
{Heap before GC invocations=4 (full 0):
 garbage-first heap   total 57344K, used 36481K [0x00000000c0000000, 0x0000000100000000)
  region size 1024K, 20 young (20480K), 1 survivors (1024K)
 Metaspace       used 18341K, committed 18560K, reserved 1114112K
  class space    used 2312K, committed 2432K, reserved 1048576K
}
Event: 5.933 GC heap after
{Heap after GC invocations=5 (full 0):
 garbage-first heap   total 57344K, used 19941K [0x00000000c0000000, 0x0000000100000000)
  region size 1024K, 3 young (3072K), 3 survivors (3072K)
 Metaspace       used 18341K, committed 18560K, reserved 1114112K
  class space    used 2312K, committed 2432K, reserved 1048576K
}
Event: 6.177 GC heap before
{Heap before GC invocations=5 (full 0):
 garbage-first heap   total 57344K, used 31205K [0x00000000c0000000, 0x0000000100000000)
  region size 1024K, 15 young (15360K), 3 survivors (3072K)
 Metaspace       used 21281K, committed 21568K, reserved 1114112K
  class space    used 2626K, committed 2752K, reserved 1048576K
}
Event: 6.185 GC heap after
{Heap after GC invocations=6 (full 0):
 garbage-first heap   total 57344K, used 21357K [0x00000000c0000000, 0x0000000100000000)
  region size 1024K, 2 young (2048K), 2 survivors (2048K)
 Metaspace       used 21281K, committed 21568K, reserved 1114112K
  class space    used 2626K, committed 2752K, reserved 1048576K
}
Event: 6.466 GC heap before
{Heap before GC invocations=7 (full 0):
 garbage-first heap   total 57344K, used 38765K [0x00000000c0000000, 0x0000000100000000)
  region size 1024K, 19 young (19456K), 2 survivors (2048K)
 Metaspace       used 25001K, committed 25280K, reserved 1114112K
  class space    used 3095K, committed 3264K, reserved 1048576K
}
Event: 6.471 GC heap after
{Heap after GC invocations=8 (full 0):
 garbage-first heap   total 57344K, used 22311K [0x00000000c0000000, 0x0000000100000000)
  region size 1024K, 3 young (3072K), 3 survivors (3072K)
 Metaspace       used 25001K, committed 25280K, reserved 1114112K
  class space    used 3095K, committed 3264K, reserved 1048576K
}
Event: 7.053 GC heap before
{Heap before GC invocations=8 (full 0):
 garbage-first heap   total 57344K, used 39719K [0x00000000c0000000, 0x0000000100000000)
  region size 1024K, 21 young (21504K), 3 survivors (3072K)
 Metaspace       used 27660K, committed 27904K, reserved 1114112K
  class space    used 3463K, committed 3584K, reserved 1048576K
}
Event: 7.060 GC heap after
{Heap after GC invocations=9 (full 0):
 garbage-first heap   total 57344K, used 23868K [0x00000000c0000000, 0x0000000100000000)
  region size 1024K, 3 young (3072K), 3 survivors (3072K)
 Metaspace       used 27660K, committed 27904K, reserved 1114112K
  class space    used 3463K, committed 3584K, reserved 1048576K
}
Event: 7.775 GC heap before
{Heap before GC invocations=9 (full 0):
 garbage-first heap   total 57344K, used 42300K [0x00000000c0000000, 0x0000000100000000)
  region size 1024K, 21 young (21504K), 3 survivors (3072K)
 Metaspace       used 29977K, committed 30336K, reserved 1114112K
  class space    used 3767K, committed 3904K, reserved 1048576K
}
Event: 7.787 GC heap after
{Heap after GC invocations=10 (full 0):
 garbage-first heap   total 57344K, used 25082K [0x00000000c0000000, 0x0000000100000000)
  region size 1024K, 3 young (3072K), 3 survivors (3072K)
 Metaspace       used 29977K, committed 30336K, reserved 1114112K
  class space    used 3767K, committed 3904K, reserved 1048576K
}
Event: 8.482 GC heap before
{Heap before GC invocations=10 (full 0):
 garbage-first heap   total 57344K, used 42490K [0x00000000c0000000, 0x0000000100000000)
  region size 1024K, 21 young (21504K), 3 survivors (3072K)
 Metaspace       used 32345K, committed 32768K, reserved 1114112K
  class space    used 4113K, committed 4288K, reserved 1048576K
}
Event: 8.497 GC heap after
{Heap after GC invocations=11 (full 0):
 garbage-first heap   total 69632K, used 28089K [0x00000000c0000000, 0x0000000100000000)
  region size 1024K, 3 young (3072K), 3 survivors (3072K)
 Metaspace       used 32345K, committed 32768K, reserved 1114112K
  class space    used 4113K, committed 4288K, reserved 1048576K
}
Event: 9.537 GC heap before
{Heap before GC invocations=11 (full 0):
 garbage-first heap   total 69632K, used 47545K [0x00000000c0000000, 0x0000000100000000)
  region size 1024K, 23 young (23552K), 3 survivors (3072K)
 Metaspace       used 35917K, committed 36288K, reserved 1114112K
  class space    used 4633K, committed 4800K, reserved 1048576K
}
Event: 9.551 GC heap after
{Heap after GC invocations=12 (full 0):
 garbage-first heap   total 69632K, used 30458K [0x00000000c0000000, 0x0000000100000000)
  region size 1024K, 4 young (4096K), 4 survivors (4096K)
 Metaspace       used 35917K, committed 36288K, reserved 1114112K
  class space    used 4633K, committed 4800K, reserved 1048576K
}
Event: 11.182 GC heap before
{Heap before GC invocations=13 (full 0):
 garbage-first heap   total 69632K, used 50938K [0x00000000c0000000, 0x0000000100000000)
  region size 1024K, 24 young (24576K), 4 survivors (4096K)
 Metaspace       used 38932K, committed 39296K, reserved 1114112K
  class space    used 5136K, committed 5312K, reserved 1048576K
}
Event: 11.191 GC heap after
{Heap after GC invocations=14 (full 0):
 garbage-first heap   total 69632K, used 31992K [0x00000000c0000000, 0x0000000100000000)
  region size 1024K, 2 young (2048K), 2 survivors (2048K)
 Metaspace       used 38932K, committed 39296K, reserved 1114112K
  class space    used 5136K, committed 5312K, reserved 1048576K
}

Dll operation events (8 events):
Event: 0.025 Loaded shared library c:\Users\Sumanth Reddy\.vscode\extensions\redhat.java-1.31.0-win32-x64\jre\17.0.11-win32-x86_64\bin\java.dll
Event: 1.007 Loaded shared library C:\Users\Sumanth Reddy\.vscode\extensions\redhat.java-1.31.0-win32-x64\jre\17.0.11-win32-x86_64\bin\net.dll
Event: 1.026 Loaded shared library C:\Users\Sumanth Reddy\.vscode\extensions\redhat.java-1.31.0-win32-x64\jre\17.0.11-win32-x86_64\bin\nio.dll
Event: 1.045 Loaded shared library C:\Users\Sumanth Reddy\.vscode\extensions\redhat.java-1.31.0-win32-x64\jre\17.0.11-win32-x86_64\bin\zip.dll
Event: 2.374 Loaded shared library C:\Users\Sumanth Reddy\.vscode\extensions\redhat.java-1.31.0-win32-x64\jre\17.0.11-win32-x86_64\bin\jimage.dll
Event: 6.036 Loaded shared library c:\Users\Sumanth Reddy\.vscode\extensions\redhat.java-1.31.0-win32-x64\jre\17.0.11-win32-x86_64\bin\verify.dll
Event: 9.973 Loaded shared library C:\Users\Sumanth Reddy\.vscode\extensions\redhat.java-1.31.0-win32-x64\jre\17.0.11-win32-x86_64\bin\management.dll
Event: 9.980 Loaded shared library C:\Users\Sumanth Reddy\.vscode\extensions\redhat.java-1.31.0-win32-x64\jre\17.0.11-win32-x86_64\bin\management_ext.dll

Deoptimization events (4 events):
Event: 10.603 Thread 0x0000023933f43530 DEOPT PACKING pc=0x00000239274e4781 sp=0x00000075f8efdd10
Event: 10.603 Thread 0x0000023933f43530 DEOPT UNPACKING pc=0x0000023926ff7143 sp=0x00000075f8efd1a0 mode 3
Event: 10.648 Thread 0x0000023933f501d0 DEOPT PACKING pc=0x00000239274c2197 sp=0x00000075f8fff090
Event: 10.648 Thread 0x0000023933f501d0 DEOPT UNPACKING pc=0x0000023926ff7143 sp=0x00000075f8ffe4e8 mode 3

Classes unloaded (0 events):
No events

Classes redefined (0 events):
No events

Internal exceptions (20 events):
Event: 7.674 Thread 0x0000023924317e00 Exception <a 'java/lang/NoSuchMethodError'{0x00000000c28a46b0}: 'java.lang.Object java.lang.invoke.DirectMethodHandle$Holder.invokeSpecial(java.lang.Object, java.lang.Object, int, java.lang.Object, java.lang.Object)'> (0x00000000c28a46b0) 
thrown [s\src\hotspot\share\interpreter\linkResolver.cpp, line 759]
Event: 7.674 Thread 0x0000023924317e00 Exception <a 'java/lang/NoSuchMethodError'{0x00000000c28a8358}: 'java.lang.Object java.lang.invoke.DelegatingMethodHandle$Holder.delegate(java.lang.Object, int, java.lang.Object, java.lang.Object)'> (0x00000000c28a8358) 
thrown [s\src\hotspot\share\interpreter\linkResolver.cpp, line 759]
Event: 7.676 Thread 0x0000023924317e00 Exception <a 'java/lang/NoSuchMethodError'{0x00000000c28b91e0}: 'int java.lang.invoke.Invokers$Holder.linkToTargetMethod(java.lang.Object, java.lang.Object, java.lang.Object)'> (0x00000000c28b91e0) 
thrown [s\src\hotspot\share\interpreter\linkResolver.cpp, line 759]
Event: 7.890 Thread 0x0000023924317e00 Exception <a 'java/lang/NoSuchMethodError'{0x00000000c3568890}: 'java.lang.Object java.lang.invoke.DirectMethodHandle$Holder.invokeStaticInit(java.lang.Object, int, int, int, int)'> (0x00000000c3568890) 
thrown [s\src\hotspot\share\interpreter\linkResolver.cpp, line 759]
Event: 8.146 Thread 0x0000023924317e00 Exception <a 'java/lang/NoSuchMethodError'{0x00000000c3449d18}: 'java.lang.Object java.lang.invoke.DirectMethodHandle$Holder.invokeStaticInit(java.lang.Object, java.lang.Object, int, int, int, int)'> (0x00000000c3449d18) 
thrown [s\src\hotspot\share\interpreter\linkResolver.cpp, line 759]
Event: 8.429 Thread 0x0000023924317e00 Exception <a 'java/lang/NoSuchMethodError'{0x00000000c2cef3a0}: 'void java.lang.invoke.DirectMethodHandle$Holder.invokeSpecialIFC(java.lang.Object, java.lang.Object, java.lang.Object)'> (0x00000000c2cef3a0) 
thrown [s\src\hotspot\share\interpreter\linkResolver.cpp, line 759]
Event: 9.026 Thread 0x0000023924317e00 Exception <a 'java/lang/NoSuchMethodError'{0x00000000c3885358}: 'int java.lang.invoke.DirectMethodHandle$Holder.invokeStaticInit(java.lang.Object, java.lang.Object, int, java.lang.Object)'> (0x00000000c3885358) 
thrown [s\src\hotspot\share\interpreter\linkResolver.cpp, line 759]
Event: 9.106 Thread 0x0000023924317e00 Exception <a 'java/lang/NoSuchMethodError'{0x00000000c37abac0}: 'void java.lang.invoke.DirectMethodHandle$Holder.invokeSpecial(java.lang.Object, java.lang.Object, java.lang.Object, java.lang.Object, java.lang.Object, java.lang.Object, java.lang.Object)'> (0x00000000c37abac0) 
thrown [s\src\hotspot\share\interpreter\linkResolver.cpp, line 759]
Event: 9.445 Thread 0x0000023924317e00 Exception <a 'java/lang/NoSuchMethodError'{0x00000000c32de468}: 'java.lang.Object java.lang.invoke.DirectMethodHandle$Holder.invokeInterface(java.lang.Object, java.lang.Object, int)'> (0x00000000c32de468) 
thrown [s\src\hotspot\share\interpreter\linkResolver.cpp, line 759]
Event: 9.449 Thread 0x0000023924317e00 Exception <a 'java/lang/IncompatibleClassChangeError'{0x00000000c32f5368}: Found class java.lang.Object, but interface was expected> (0x00000000c32f5368) 
thrown [s\src\hotspot\share\interpreter\linkResolver.cpp, line 826]
Event: 9.956 Thread 0x0000023924317e00 Exception <a 'java/lang/NoSuchMethodError'{0x00000000c3f42bb8}: 'java.lang.Object java.lang.invoke.DirectMethodHandle$Holder.newInvokeSpecial(java.lang.Object, java.lang.Object, int, java.lang.Object, java.lang.Object)'> (0x00000000c3f42bb8) 
thrown [s\src\hotspot\share\interpreter\linkResolver.cpp, line 759]
Event: 9.958 Thread 0x0000023924317e00 Exception <a 'java/lang/NoSuchMethodError'{0x00000000c3f56378}: 'java.lang.Object java.lang.invoke.DirectMethodHandle$Holder.invokeSpecial(java.lang.Object, java.lang.Object, int, java.lang.Object, int, java.lang.Object)'> (0x00000000c3f56378) 
thrown [s\src\hotspot\share\interpreter\linkResolver.cpp, line 759]
Event: 9.959 Thread 0x0000023924317e00 Exception <a 'java/lang/NoSuchMethodError'{0x00000000c3f5e330}: 'java.lang.Object java.lang.invoke.DirectMethodHandle$Holder.newInvokeSpecial(java.lang.Object, java.lang.Object, int, java.lang.Object, int)'> (0x00000000c3f5e330) 
thrown [s\src\hotspot\share\interpreter\linkResolver.cpp, line 759]
Event: 9.959 Thread 0x0000023924317e00 Exception <a 'java/lang/NoSuchMethodError'{0x00000000c3f62430}: 'java.lang.Object java.lang.invoke.DirectMethodHandle$Holder.invokeSpecial(java.lang.Object, java.lang.Object, java.lang.Object, int, java.lang.Object, int)'> (0x00000000c3f62430) 
thrown [s\src\hotspot\share\interpreter\linkResolver.cpp, line 759]
Event: 10.417 Thread 0x0000023933f501d0 Exception <a 'java/lang/NoSuchMethodError'{0x00000000c34424b8}: 'java.lang.Object java.lang.invoke.DirectMethodHandle$Holder.invokeStatic(java.lang.Object, int, java.lang.Object)'> (0x00000000c34424b8) 
thrown [s\src\hotspot\share\interpreter\linkResolver.cpp, line 759]
Event: 10.548 Thread 0x0000023933f43530 Exception <a 'java/lang/NoSuchMethodError'{0x00000000c34a0180}: 'java.lang.Object java.lang.invoke.DirectMethodHandle$Holder.invokeStatic(java.lang.Object, java.lang.Object, java.lang.Object, int, java.lang.Object, java.lang.Object)'> (0x00000000c34a0180) 
thrown [s\src\hotspot\share\interpreter\linkResolver.cpp, line 759]
Event: 11.255 Thread 0x00000239344a4170 Exception <a 'java/lang/NoSuchMethodError'{0x00000000c42ffa40}: 'int java.lang.invoke.DirectMethodHandle$Holder.invokeStatic(java.lang.Object)'> (0x00000000c42ffa40) 
thrown [s\src\hotspot\share\interpreter\linkResolver.cpp, line 759]
Event: 11.256 Thread 0x00000239344a4170 Exception <a 'java/lang/NoSuchMethodError'{0x00000000c4102ec8}: 'int java.lang.invoke.DirectMethodHandle$Holder.invokeStaticInit(java.lang.Object)'> (0x00000000c4102ec8) 
thrown [s\src\hotspot\share\interpreter\linkResolver.cpp, line 759]
Event: 50.949 Thread 0x000002393433f060 Exception <a 'java/lang/NoSuchMethodError'{0x00000000c41554e8}: 'void java.lang.invoke.DirectMethodHandle$Holder.invokeStatic(java.lang.Object, long)'> (0x00000000c41554e8) 
thrown [s\src\hotspot\share\interpreter\linkResolver.cpp, line 759]
Event: 51.422 Thread 0x000002393433f060 Exception <a 'java/lang/NoSuchMethodError'{0x00000000c415a890}: 'java.lang.Object java.lang.invoke.DirectMethodHandle$Holder.newInvokeSpecial(java.lang.Object, long)'> (0x00000000c415a890) 
thrown [s\src\hotspot\share\interpreter\linkResolver.cpp, line 759]

VM Operations (20 events):
Event: 9.904 Executing VM operation: HandshakeAllThreads done
Event: 9.906 Executing VM operation: HandshakeAllThreads
Event: 9.906 Executing VM operation: HandshakeAllThreads done
Event: 9.991 Executing VM operation: HandshakeAllThreads
Event: 9.991 Executing VM operation: HandshakeAllThreads done
Event: 9.998 Executing VM operation: HandshakeAllThreads
Event: 9.998 Executing VM operation: HandshakeAllThreads done
Event: 10.621 Executing VM operation: HandshakeAllThreads
Event: 10.647 Executing VM operation: HandshakeAllThreads done
Event: 10.647 Executing VM operation: Cleanup
Event: 10.647 Executing VM operation: Cleanup done
Event: 11.182 Executing VM operation: G1CollectForAllocation
Event: 11.191 Executing VM operation: G1CollectForAllocation done
Event: 12.193 Executing VM operation: Cleanup
Event: 12.193 Executing VM operation: Cleanup done
Event: 50.481 Executing VM operation: Cleanup
Event: 50.623 Executing VM operation: Cleanup done
Event: 51.663 Executing VM operation: HandshakeAllThreads
Event: 51.668 Executing VM operation: HandshakeAllThreads done
Event: 54.053 Executing VM operation: G1CollectFull

Events (20 events):
Event: 11.258 loading class java/util/concurrent/atomic/AtomicLongFieldUpdater
Event: 11.259 loading class java/util/concurrent/atomic/AtomicLongFieldUpdater done
Event: 11.259 loading class java/util/concurrent/atomic/AtomicLongFieldUpdater$CASUpdater
Event: 11.259 loading class java/util/concurrent/atomic/AtomicLongFieldUpdater$CASUpdater done
Event: 11.259 loading class java/util/concurrent/atomic/AtomicLongFieldUpdater$CASUpdater$1
Event: 11.260 loading class java/util/concurrent/atomic/AtomicLongFieldUpdater$CASUpdater$1 done
Event: 16.306 Thread 0x000002392eb0eda0 Thread exited: 0x000002392eb0eda0
Event: 21.318 Thread 0x000002392eb882a0 Thread exited: 0x000002392eb882a0
Event: 50.422 loading class java/lang/ProcessBuilder
Event: 50.615 loading class java/lang/ProcessBuilder done
Event: 50.627 loading class java/lang/ProcessImpl
Event: 50.706 loading class java/lang/ProcessImpl done
Event: 51.503 loading class java/lang/ProcessImpl$2
Event: 51.516 loading class java/lang/ProcessImpl$2 done
Event: 51.532 loading class java/lang/Process$PipeInputStream
Event: 51.551 loading class java/lang/Process$PipeInputStream done
Event: 51.670 loading class jdk/internal/event/ProcessStartEvent
Event: 51.682 loading class jdk/internal/event/ProcessStartEvent done
Event: 54.048 loading class java/io/FileOutputStream$1
Event: 54.052 loading class java/io/FileOutputStream$1 done


Dynamic libraries:
0x00007ff6dd0a0000 - 0x00007ff6dd0ae000 	c:\Users\Sumanth Reddy\.vscode\extensions\redhat.java-1.31.0-win32-x64\jre\17.0.11-win32-x86_64\bin\java.exe
0x00007ffda5770000 - 0x00007ffda5987000 	C:\WINDOWS\SYSTEM32\ntdll.dll
0x00007ffda4f30000 - 0x00007ffda4ff4000 	C:\WINDOWS\System32\KERNEL32.DLL
0x00007ffda3060000 - 0x00007ffda340c000 	C:\WINDOWS\System32\KERNELBASE.dll
0x00007ffda2d60000 - 0x00007ffda2e71000 	C:\WINDOWS\System32\ucrtbase.dll
0x00007ffd8b4f0000 - 0x00007ffd8b507000 	c:\Users\Sumanth Reddy\.vscode\extensions\redhat.java-1.31.0-win32-x64\jre\17.0.11-win32-x86_64\bin\jli.dll
0x00007ffda5460000 - 0x00007ffda560e000 	C:\WINDOWS\System32\USER32.dll
0x00007ffda2bc0000 - 0x00007ffda2be6000 	C:\WINDOWS\System32\win32u.dll
0x00007ffda56a0000 - 0x00007ffda56c9000 	C:\WINDOWS\System32\GDI32.dll
0x00007ffda2aa0000 - 0x00007ffda2bb9000 	C:\WINDOWS\System32\gdi32full.dll
0x00007ffda3410000 - 0x00007ffda34aa000 	C:\WINDOWS\System32\msvcp_win.dll
0x00007ffd769f0000 - 0x00007ffd76a0b000 	c:\Users\Sumanth Reddy\.vscode\extensions\redhat.java-1.31.0-win32-x64\jre\17.0.11-win32-x86_64\bin\VCRUNTIME140.dll
0x00007ffd94560000 - 0x00007ffd947f3000 	C:\WINDOWS\WinSxS\amd64_microsoft.windows.common-controls_6595b64144ccf1df_6.0.22621.3672_none_2713b9d173822955\COMCTL32.dll
0x00007ffda4010000 - 0x00007ffda40b7000 	C:\WINDOWS\System32\msvcrt.dll
0x00007ffda5420000 - 0x00007ffda5451000 	C:\WINDOWS\System32\IMM32.DLL
0x00007ffd9a4f0000 - 0x00007ffd9a4fc000 	c:\Users\Sumanth Reddy\.vscode\extensions\redhat.java-1.31.0-win32-x64\jre\17.0.11-win32-x86_64\bin\vcruntime140_1.dll
0x00007ffd6c800000 - 0x00007ffd6c88d000 	c:\Users\Sumanth Reddy\.vscode\extensions\redhat.java-1.31.0-win32-x64\jre\17.0.11-win32-x86_64\bin\msvcp140.dll
0x00007ffd6bb90000 - 0x00007ffd6c7f2000 	c:\Users\Sumanth Reddy\.vscode\extensions\redhat.java-1.31.0-win32-x64\jre\17.0.11-win32-x86_64\bin\server\jvm.dll
0x00007ffda3590000 - 0x00007ffda3642000 	C:\WINDOWS\System32\ADVAPI32.dll
0x00007ffda5120000 - 0x00007ffda51ca000 	C:\WINDOWS\System32\sechost.dll
0x00007ffda2fc0000 - 0x00007ffda2fe8000 	C:\WINDOWS\System32\bcrypt.dll
0x00007ffda42f0000 - 0x00007ffda4405000 	C:\WINDOWS\System32\RPCRT4.dll
0x00007ffda2960000 - 0x00007ffda29ad000 	C:\WINDOWS\SYSTEM32\POWRPROF.dll
0x00007ffd8ce70000 - 0x00007ffd8ce79000 	C:\WINDOWS\SYSTEM32\WSOCK32.dll
0x00007ffda3bf0000 - 0x00007ffda3c61000 	C:\WINDOWS\System32\WS2_32.dll
0x00007ffd9e820000 - 0x00007ffd9e854000 	C:\WINDOWS\SYSTEM32\WINMM.dll
0x00007ffd9b7e0000 - 0x00007ffd9b7ea000 	C:\WINDOWS\SYSTEM32\VERSION.dll
0x00007ffda2940000 - 0x00007ffda2953000 	C:\WINDOWS\SYSTEM32\UMPDC.dll
0x00007ffda1ad0000 - 0x00007ffda1ae8000 	C:\WINDOWS\SYSTEM32\kernel.appcore.dll
0x00007ffd99700000 - 0x00007ffd9970a000 	c:\Users\Sumanth Reddy\.vscode\extensions\redhat.java-1.31.0-win32-x64\jre\17.0.11-win32-x86_64\bin\jimage.dll
0x00007ffd8f9e0000 - 0x00007ffd8fc12000 	C:\WINDOWS\SYSTEM32\DBGHELP.DLL
0x00007ffda3c80000 - 0x00007ffda4008000 	C:\WINDOWS\System32\combase.dll
0x00007ffda34b0000 - 0x00007ffda3587000 	C:\WINDOWS\System32\OLEAUT32.dll
0x00007ffd8f2a0000 - 0x00007ffd8f2d2000 	C:\WINDOWS\SYSTEM32\dbgcore.DLL
0x00007ffda2e80000 - 0x00007ffda2efb000 	C:\WINDOWS\System32\bcryptPrimitives.dll
0x00007ffd769c0000 - 0x00007ffd769e5000 	c:\Users\Sumanth Reddy\.vscode\extensions\redhat.java-1.31.0-win32-x64\jre\17.0.11-win32-x86_64\bin\java.dll
0x00007ffd76120000 - 0x00007ffd76138000 	c:\Users\Sumanth Reddy\.vscode\extensions\redhat.java-1.31.0-win32-x64\jre\17.0.11-win32-x86_64\bin\zip.dll
0x00007ffda4670000 - 0x00007ffda4ecc000 	C:\WINDOWS\System32\SHELL32.dll
0x00007ffda09f0000 - 0x00007ffda12e7000 	C:\WINDOWS\SYSTEM32\windows.storage.dll
0x00007ffda08b0000 - 0x00007ffda09ef000 	C:\WINDOWS\SYSTEM32\wintypes.dll
0x00007ffda4410000 - 0x00007ffda4504000 	C:\WINDOWS\System32\SHCORE.dll
0x00007ffda50c0000 - 0x00007ffda511e000 	C:\WINDOWS\System32\shlwapi.dll
0x00007ffda29d0000 - 0x00007ffda29f1000 	C:\WINDOWS\SYSTEM32\profapi.dll
0x00007ffd76100000 - 0x00007ffd76119000 	C:\Users\Sumanth Reddy\.vscode\extensions\redhat.java-1.31.0-win32-x64\jre\17.0.11-win32-x86_64\bin\net.dll
0x00007ffd9e5f0000 - 0x00007ffd9e726000 	C:\WINDOWS\SYSTEM32\WINHTTP.dll
0x00007ffda1f40000 - 0x00007ffda1fa9000 	C:\WINDOWS\system32\mswsock.dll
0x00007ffd75620000 - 0x00007ffd75636000 	C:\Users\Sumanth Reddy\.vscode\extensions\redhat.java-1.31.0-win32-x64\jre\17.0.11-win32-x86_64\bin\nio.dll
0x00007ffd8f900000 - 0x00007ffd8f910000 	c:\Users\Sumanth Reddy\.vscode\extensions\redhat.java-1.31.0-win32-x64\jre\17.0.11-win32-x86_64\bin\verify.dll
0x00007ffda21b0000 - 0x00007ffda21cb000 	C:\WINDOWS\SYSTEM32\CRYPTSP.dll
0x00007ffda1a30000 - 0x00007ffda1a65000 	C:\WINDOWS\system32\rsaenh.dll
0x00007ffda2040000 - 0x00007ffda2068000 	C:\WINDOWS\SYSTEM32\USERENV.dll
0x00007ffda21a0000 - 0x00007ffda21ac000 	C:\WINDOWS\SYSTEM32\CRYPTBASE.dll
0x00007ffda1590000 - 0x00007ffda15bd000 	C:\WINDOWS\SYSTEM32\IPHLPAPI.DLL
0x00007ffda3c70000 - 0x00007ffda3c79000 	C:\WINDOWS\System32\NSI.dll
0x00007ffd9e2f0000 - 0x00007ffd9e309000 	C:\WINDOWS\SYSTEM32\dhcpcsvc6.DLL
0x00007ffd9e2b0000 - 0x00007ffd9e2cf000 	C:\WINDOWS\SYSTEM32\dhcpcsvc.DLL
0x00007ffda1610000 - 0x00007ffda1708000 	C:\WINDOWS\SYSTEM32\DNSAPI.dll
0x00007ffd9e380000 - 0x00007ffd9e389000 	C:\Users\Sumanth Reddy\.vscode\extensions\redhat.java-1.31.0-win32-x64\jre\17.0.11-win32-x86_64\bin\management.dll
0x00007ffd8cc00000 - 0x00007ffd8cc0b000 	C:\Users\Sumanth Reddy\.vscode\extensions\redhat.java-1.31.0-win32-x64\jre\17.0.11-win32-x86_64\bin\management_ext.dll
0x00007ffda5410000 - 0x00007ffda5418000 	C:\WINDOWS\System32\PSAPI.DLL

dbghelp: loaded successfully - version: 4.0.5 - missing functions: none
symbol engine: initialized successfully - sym options: 0x614 - pdb path: .;c:\Users\Sumanth Reddy\.vscode\extensions\redhat.java-1.31.0-win32-x64\jre\17.0.11-win32-x86_64\bin;C:\WINDOWS\SYSTEM32;C:\WINDOWS\WinSxS\amd64_microsoft.windows.common-controls_6595b64144ccf1df_6.0.22621.3672_none_2713b9d173822955;c:\Users\Sumanth Reddy\.vscode\extensions\redhat.java-1.31.0-win32-x64\jre\17.0.11-win32-x86_64\bin\server

VM Arguments:
jvm_args: -Xmx1024m -Dsts.lsp.client=vscode -Dsts.log.file=/dev/null -XX:TieredStopAtLevel=1 -Xlog:jni+resolve=off -Dspring.config.location=file:c:\Users\Sumanth Reddy\.vscode\extensions\vmware.vscode-spring-boot-1.55.1\language-server\BOOT-INF\classes\application.properties 
java_command: org.springframework.ide.vscode.boot.app.BootLanguageServerBootApp
java_class_path (initial): c:\Users\Sumanth Reddy\.vscode\extensions\vmware.vscode-spring-boot-1.55.1\language-server\BOOT-INF\classes;c:\Users\Sumanth Reddy\.vscode\extensions\vmware.vscode-spring-boot-1.55.1\language-server\BOOT-INF\lib\annotations-24.1.0.jar;c:\Users\Sumanth Reddy\.vscode\extensions\vmware.vscode-spring-boot-1.55.1\language-server\BOOT-INF\lib\antlr4-runtime-4.13.1.jar;c:\Users\Sumanth Reddy\.vscode\extensions\vmware.vscode-spring-boot-1.55.1\language-server\BOOT-INF\lib\asm-9.7.jar;c:\Users\Sumanth Reddy\.vscode\extensions\vmware.vscode-spring-boot-1.55.1\language-server\BOOT-INF\lib\asm-analysis-9.7.jar;c:\Users\Sumanth Reddy\.vscode\extensions\vmware.vscode-spring-boot-1.55.1\language-server\BOOT-INF\lib\asm-tree-9.7.jar;c:\Users\Sumanth Reddy\.vscode\extensions\vmware.vscode-spring-boot-1.55.1\language-server\BOOT-INF\lib\asm-util-9.7.jar;c:\Users\Sumanth Reddy\.vscode\extensions\vmware.vscode-spring-boot-1.55.1\language-server\BOOT-INF\lib\caffeine-3.1.8.jar;c:\Users\Sumanth Reddy\.vscode\extensions\vmware.vscode-spring-boot-1.55.1\language-server\BOOT-INF\lib\checker-qual-3.12.0.jar;c:\Users\Sumanth Reddy\.vscode\extensions\vmware.vscode-spring-boot-1.55.1\language-server\BOOT-INF\lib\classgraph-4.8.149.jar;c:\Users\Sumanth Reddy\.vscode\extensions\vmware.vscode-spring-boot-1.55.1\language-server\BOOT-INF\lib\commons-codec-1.16.1.jar;c:\Users\Sumanth Reddy\.vscode\extensions\vmware.vscode-spring-boot-1.55.1\language-server\BOOT-INF\lib\commons-compress-1.26.1.jar;c:\Users\Sumanth Reddy\.vscode\extensions\vmware.vscode-spring-boot-1.55.1\language-server\BOOT-INF\lib\commons-io-2.16.1.jar;c:\Users\Sumanth Reddy\.vscode\extensions\vmware.vscode-spring-boot-1.55.1\language-server\BOOT-INF\lib\commons-java-1.55.1-SNAPSHOT.jar;c:\Users\Sumanth Reddy\.vscode\extensions\vmware.vscode-spring-boot-1.55.1\language-server\BOOT-INF\lib\commons-lang3-3.14.0.jar;c:\Users\Sumanth Reddy\.vscode\extensions\vmware.vscode-spring-boot-1.55.1\language-server\B
Launcher Type: SUN_STANDARD

[Global flags]
     intx CICompilerCount                          = 3                                         {product} {ergonomic}
     uint ConcGCThreads                            = 1                                         {product} {ergonomic}
     uint G1ConcRefinementThreads                  = 4                                         {product} {ergonomic}
   size_t G1HeapRegionSize                         = 1048576                                   {product} {ergonomic}
    uintx GCDrainStackTargetSize                   = 64                                        {product} {ergonomic}
   size_t InitialHeapSize                          = 58720256                                  {product} {ergonomic}
   size_t MarkStackSize                            = 4194304                                   {product} {ergonomic}
   size_t MaxHeapSize                              = 1073741824                                {product} {command line}
   size_t MaxNewSize                               = 643825664                                 {product} {ergonomic}
   size_t MinHeapDeltaBytes                        = 1048576                                   {product} {ergonomic}
   size_t MinHeapSize                              = 8388608                                   {product} {ergonomic}
    uintx NonProfiledCodeHeapSize                  = 0                                      {pd product} {ergonomic}
     bool ProfileInterpreter                       = false                                  {pd product} {command line}
    uintx ProfiledCodeHeapSize                     = 0                                      {pd product} {ergonomic}
   size_t SoftMaxHeapSize                          = 1073741824                             {manageable} {ergonomic}
     intx TieredStopAtLevel                        = 1                                         {product} {command line}
     bool UseCompressedClassPointers               = true                           {product lp64_product} {ergonomic}
     bool UseCompressedOops                        = true                           {product lp64_product} {ergonomic}
     bool UseG1GC                                  = true                                      {product} {ergonomic}
     bool UseLargePagesIndividualAllocation        = false                                  {pd product} {ergonomic}

Logging:
Log output configuration:
 #0: stdout all=warning,jni+resolve=off uptime,level,tags
 #1: stderr all=off uptime,level,tags

Environment Variables:
PATH=C:\WINDOWS\system32;C:\WINDOWS;C:\WINDOWS\System32\Wbem;C:\WINDOWS\System32\WindowsPowerShell\v1.0\;C:\WINDOWS\System32\OpenSSH\;C:\Program Files\dotnet\;C:\Program Files\Git\cmd;C:\Program Files\nodejs\;C:\Users\Sumanth Reddy\AppData\Local\Programs\Python\Python312;C:\Program Files\Java\jdk-17;C:\Program Files\Java\jdk-17\bin;C:\Program Files\gradle-7.5;C:\Program Files\gradle-7.5\bin;C:\Users\Sumanth Reddy\AppData\Local\Programs\Python\Python312\Scripts\;C:\Users\Sumanth Reddy\AppData\Local\Programs\Python\Python312\;C:\Users\Sumanth Reddy\AppData\Local\Microsoft\WindowsApps;C:\Users\Sumanth Reddy\AppData\Local\Programs\Microsoft VS Code\bin;C:\Users\Sumanth Reddy\AppData\Roaming\npm;C:\Users\Sumanth Reddy\AppData\Local\Programs\Python\Python312;C:\Program Files\gradle-7.5\bin;C:\Program Files\gradle-7.5;
USERNAME=Sumanth Reddy
OS=Windows_NT
PROCESSOR_IDENTIFIER=AMD64 Family 23 Model 24 Stepping 1, AuthenticAMD
TMP=C:\Users\SUMANT~1\AppData\Local\Temp
TEMP=C:\Users\SUMANT~1\AppData\Local\Temp



Periodic native trim disabled


---------------  S Y S T E M  ---------------

OS:
 Windows 11 , 64 bit Build 22621 (10.0.22621.3672)
OS uptime: 0 days 8:55 hours

CPU: total 4 (initial active 4) (4 cores per cpu, 2 threads per core) family 23 model 24 stepping 1 microcode 0x0, cx8, cmov, fxsr, ht, mmx, 3dnowpref, sse, sse2, sse3, ssse3, sse4a, sse4.1, sse4.2, popcnt, lzcnt, tsc, tscinvbit, avx, avx2, aes, clmul, bmi1, bmi2, adx, sha, fma, vzeroupper, clflush, clflushopt
Processor Information for all 4 processors :
  Max Mhz: 2400, Current Mhz: 2400, Mhz Limit: 2400

Memory: 4k page, system-wide physical 3511M (169M free)
TotalPageFile size 14263M (AvailPageFile size 5M)
current process WorkingSet (physical memory assigned to process): 27M, peak: 157M
current process commit charge ("private bytes"): 195M, peak: 197M

vm_info: OpenJDK 64-Bit Server VM (17.0.11+9) for windows-amd64 JRE (17.0.11+9), built on Apr 17 2024 06:07:48 by "admin" with MS VC++ 16.10 / 16.11 (VS2019)

END.
