#
# There is insufficient memory for the Java Runtime Environment to continue.
# Native memory allocation (mmap) failed to map 58720256 bytes. Error detail: G1 virtual space
# Possible reasons:
#   The system is out of physical RAM or swap space
#   This process is running with CompressedOops enabled, and the Java Heap may be blocking the growth of the native heap
# Possible solutions:
#   Reduce memory load on the system
#   Increase physical memory or swap space
#   Check if swap backing store is full
#   Decrease Java heap size (-Xmx/-Xms)
#   Decrease number of Java threads
#   Decrease Java thread stack sizes (-Xss)
#   Set larger code cache with -XX:ReservedCodeCacheSize=
#   JVM is running with Unscaled Compressed Oops mode in which the Java heap is
#     placed in the first 4GB address space. The Java Heap base address is the
#     maximum limit for the native heap growth. Please use -XX:HeapBaseMinAddress
#     to set the Java Heap base and to place the Java Heap above 4GB virtual address.
# This output file may be truncated or incomplete.
#
#  Out of Memory Error (os_windows.cpp:3613), pid=13532, tid=12452
#
# JRE version:  (17.0.11+9) (build )
# Java VM: OpenJDK 64-Bit Server VM (17.0.11+9, mixed mode, emulated-client, sharing, tiered, compressed oops, compressed class ptrs, g1 gc, windows-amd64)
# No core dump will be written. Minidumps are not enabled by default on client versions of Windows
#

---------------  S U M M A R Y ------------

Command Line: -Xmx1024m -Dsts.lsp.client=vscode -Dsts.log.file=/dev/null -XX:TieredStopAtLevel=1 -Xlog:jni+resolve=off -Dspring.config.location=file:c:\Users\Sumanth Reddy\.vscode\extensions\vmware.vscode-spring-boot-1.55.1\language-server\BOOT-INF\classes\application.properties org.springframework.ide.vscode.boot.app.BootLanguageServerBootApp

Host: AMD Athlon 300U with Radeon Vega Mobile Gfx    , 4 cores, 3G,  Windows 11 , 64 bit Build 22621 (10.0.22621.3672)
Time: Thu Jun 20 17:31:40 2024 India Standard Time elapsed time: 0.094391 seconds (0d 0h 0m 0s)

---------------  T H R E A D  ---------------

Current thread (0x000002433dc1eaa0):  JavaThread "Unknown thread" [_thread_in_vm, id=12452, stack(0x000000b653300000,0x000000b653400000)]

Stack: [0x000000b653300000,0x000000b653400000]
Native frames: (J=compiled Java code, j=interpreted, Vv=VM code, C=native code)
V  [jvm.dll+0x67d429]
V  [jvm.dll+0x834b7a]
V  [jvm.dll+0x83663e]
V  [jvm.dll+0x836ca3]
V  [jvm.dll+0x247dbf]
V  [jvm.dll+0x67a269]
V  [jvm.dll+0x66ecda]
V  [jvm.dll+0x30797b]
V  [jvm.dll+0x30ee26]
V  [jvm.dll+0x35e80e]
V  [jvm.dll+0x35ea3f]
V  [jvm.dll+0x2de6b8]
V  [jvm.dll+0x2df624]
V  [jvm.dll+0x806531]
V  [jvm.dll+0x36c561]
V  [jvm.dll+0x7e4f56]
V  [jvm.dll+0x3efdcf]
V  [jvm.dll+0x3f1921]
C  [jli.dll+0x528f]
C  [ucrtbase.dll+0x29333]
C  [KERNEL32.DLL+0x1257d]
C  [ntdll.dll+0x5af28]


---------------  P R O C E S S  ---------------

Threads class SMR info:
_java_thread_list=0x00007ffd6c6beed8, length=0, elements={
}

Java Threads: ( => current thread )

Other Threads:
  0x000002433fd055d0 GCTaskThread "GC Thread#0" [stack: 0x000000b653400000,0x000000b653500000] [id=7664]
  0x000002433fd0e520 ConcurrentGCThread "G1 Main Marker" [stack: 0x000000b653500000,0x000000b653600000] [id=4380]
  0x000002433fd0ef40 ConcurrentGCThread "G1 Conc#0" [stack: 0x000000b653600000,0x000000b653700000] [id=5288]

[error occurred during error reporting (printing all threads), id 0xc0000005, EXCEPTION_ACCESS_VIOLATION (0xc0000005) at pc=0x00007ffd6be7f0f7]

VM state: not at safepoint (not fully initialized)

VM Mutex/Monitor currently owned by a thread:  ([mutex/lock_event])
[0x000002433db59700] Heap_lock - owner thread: 0x000002433dc1eaa0

Heap address: 0x00000000c0000000, size: 1024 MB, Compressed Oops mode: 32-bit

CDS archive(s) mapped at: [0x0000000000000000-0x0000000000000000-0x0000000000000000), size 0, SharedBaseAddress: 0x0000000800000000, ArchiveRelocationMode: 1.
Narrow klass base: 0x0000000000000000, Narrow klass shift: 0, Narrow klass range: 0x0

GC Precious Log:
<Empty>

Heap:
 garbage-first heap   total 0K, used 0K [0x00000000c0000000, 0x0000000100000000)
  region size 1024K, 0 young (0K), 0 survivors (0K)

[error occurred during error reporting (printing heap information), id 0xc0000005, EXCEPTION_ACCESS_VIOLATION (0xc0000005) at pc=0x00007ffd6c2670c9]

GC Heap History (0 events):
No events

Dll operation events (1 events):
Event: 0.036 Loaded shared library c:\Users\Sumanth Reddy\.vscode\extensions\redhat.java-1.31.0-win32-x64\jre\17.0.11-win32-x86_64\bin\java.dll

Deoptimization events (0 events):
No events

Classes unloaded (0 events):
No events

Classes redefined (0 events):
No events

Internal exceptions (0 events):
No events

VM Operations (0 events):
No events

Events (0 events):
No events


Dynamic libraries:
0x00007ff6dd0a0000 - 0x00007ff6dd0ae000 	c:\Users\Sumanth Reddy\.vscode\extensions\redhat.java-1.31.0-win32-x64\jre\17.0.11-win32-x86_64\bin\java.exe
0x00007ffda5770000 - 0x00007ffda5987000 	C:\WINDOWS\SYSTEM32\ntdll.dll
0x00007ffda4f30000 - 0x00007ffda4ff4000 	C:\WINDOWS\System32\KERNEL32.DLL
0x00007ffda3060000 - 0x00007ffda340c000 	C:\WINDOWS\System32\KERNELBASE.dll
0x00007ffda2d60000 - 0x00007ffda2e71000 	C:\WINDOWS\System32\ucrtbase.dll
0x00007ffd8b4f0000 - 0x00007ffd8b507000 	c:\Users\Sumanth Reddy\.vscode\extensions\redhat.java-1.31.0-win32-x64\jre\17.0.11-win32-x86_64\bin\jli.dll
0x00007ffda5460000 - 0x00007ffda560e000 	C:\WINDOWS\System32\USER32.dll
0x00007ffda2bc0000 - 0x00007ffda2be6000 	C:\WINDOWS\System32\win32u.dll
0x00007ffda56a0000 - 0x00007ffda56c9000 	C:\WINDOWS\System32\GDI32.dll
0x00007ffda2aa0000 - 0x00007ffda2bb9000 	C:\WINDOWS\System32\gdi32full.dll
0x00007ffda3410000 - 0x00007ffda34aa000 	C:\WINDOWS\System32\msvcp_win.dll
0x00007ffd769f0000 - 0x00007ffd76a0b000 	c:\Users\Sumanth Reddy\.vscode\extensions\redhat.java-1.31.0-win32-x64\jre\17.0.11-win32-x86_64\bin\VCRUNTIME140.dll
0x00007ffd94560000 - 0x00007ffd947f3000 	C:\WINDOWS\WinSxS\amd64_microsoft.windows.common-controls_6595b64144ccf1df_6.0.22621.3672_none_2713b9d173822955\COMCTL32.dll
0x00007ffda4010000 - 0x00007ffda40b7000 	C:\WINDOWS\System32\msvcrt.dll
0x00007ffda5420000 - 0x00007ffda5451000 	C:\WINDOWS\System32\IMM32.DLL
0x00007ffd9a4f0000 - 0x00007ffd9a4fc000 	c:\Users\Sumanth Reddy\.vscode\extensions\redhat.java-1.31.0-win32-x64\jre\17.0.11-win32-x86_64\bin\vcruntime140_1.dll
0x00007ffd6c800000 - 0x00007ffd6c88d000 	c:\Users\Sumanth Reddy\.vscode\extensions\redhat.java-1.31.0-win32-x64\jre\17.0.11-win32-x86_64\bin\msvcp140.dll
0x00007ffd6bb90000 - 0x00007ffd6c7f2000 	c:\Users\Sumanth Reddy\.vscode\extensions\redhat.java-1.31.0-win32-x64\jre\17.0.11-win32-x86_64\bin\server\jvm.dll
0x00007ffda3590000 - 0x00007ffda3642000 	C:\WINDOWS\System32\ADVAPI32.dll
0x00007ffda5120000 - 0x00007ffda51ca000 	C:\WINDOWS\System32\sechost.dll
0x00007ffda2fc0000 - 0x00007ffda2fe8000 	C:\WINDOWS\System32\bcrypt.dll
0x00007ffda42f0000 - 0x00007ffda4405000 	C:\WINDOWS\System32\RPCRT4.dll
0x00007ffda2960000 - 0x00007ffda29ad000 	C:\WINDOWS\SYSTEM32\POWRPROF.dll
0x00007ffd8ce70000 - 0x00007ffd8ce79000 	C:\WINDOWS\SYSTEM32\WSOCK32.dll
0x00007ffda3bf0000 - 0x00007ffda3c61000 	C:\WINDOWS\System32\WS2_32.dll
0x00007ffd9e820000 - 0x00007ffd9e854000 	C:\WINDOWS\SYSTEM32\WINMM.dll
0x00007ffd9b7e0000 - 0x00007ffd9b7ea000 	C:\WINDOWS\SYSTEM32\VERSION.dll
0x00007ffda2940000 - 0x00007ffda2953000 	C:\WINDOWS\SYSTEM32\UMPDC.dll
0x00007ffda1ad0000 - 0x00007ffda1ae8000 	C:\WINDOWS\SYSTEM32\kernel.appcore.dll
0x00007ffd99700000 - 0x00007ffd9970a000 	c:\Users\Sumanth Reddy\.vscode\extensions\redhat.java-1.31.0-win32-x64\jre\17.0.11-win32-x86_64\bin\jimage.dll
0x00007ffd8f9e0000 - 0x00007ffd8fc12000 	C:\WINDOWS\SYSTEM32\DBGHELP.DLL
0x00007ffda3c80000 - 0x00007ffda4008000 	C:\WINDOWS\System32\combase.dll
0x00007ffda34b0000 - 0x00007ffda3587000 	C:\WINDOWS\System32\OLEAUT32.dll
0x00007ffd8f2a0000 - 0x00007ffd8f2d2000 	C:\WINDOWS\SYSTEM32\dbgcore.DLL
0x00007ffda2e80000 - 0x00007ffda2efb000 	C:\WINDOWS\System32\bcryptPrimitives.dll
0x00007ffd769c0000 - 0x00007ffd769e5000 	c:\Users\Sumanth Reddy\.vscode\extensions\redhat.java-1.31.0-win32-x64\jre\17.0.11-win32-x86_64\bin\java.dll

dbghelp: loaded successfully - version: 4.0.5 - missing functions: none
symbol engine: initialized successfully - sym options: 0x614 - pdb path: .;c:\Users\Sumanth Reddy\.vscode\extensions\redhat.java-1.31.0-win32-x64\jre\17.0.11-win32-x86_64\bin;C:\WINDOWS\SYSTEM32;C:\WINDOWS\WinSxS\amd64_microsoft.windows.common-controls_6595b64144ccf1df_6.0.22621.3672_none_2713b9d173822955;c:\Users\Sumanth Reddy\.vscode\extensions\redhat.java-1.31.0-win32-x64\jre\17.0.11-win32-x86_64\bin\server

VM Arguments:
jvm_args: -Xmx1024m -Dsts.lsp.client=vscode -Dsts.log.file=/dev/null -XX:TieredStopAtLevel=1 -Xlog:jni+resolve=off -Dspring.config.location=file:c:\Users\Sumanth Reddy\.vscode\extensions\vmware.vscode-spring-boot-1.55.1\language-server\BOOT-INF\classes\application.properties 
java_command: org.springframework.ide.vscode.boot.app.BootLanguageServerBootApp
java_class_path (initial): c:\Users\Sumanth Reddy\.vscode\extensions\vmware.vscode-spring-boot-1.55.1\language-server\BOOT-INF\classes;c:\Users\Sumanth Reddy\.vscode\extensions\vmware.vscode-spring-boot-1.55.1\language-server\BOOT-INF\lib\annotations-24.1.0.jar;c:\Users\Sumanth Reddy\.vscode\extensions\vmware.vscode-spring-boot-1.55.1\language-server\BOOT-INF\lib\antlr4-runtime-4.13.1.jar;c:\Users\Sumanth Reddy\.vscode\extensions\vmware.vscode-spring-boot-1.55.1\language-server\BOOT-INF\lib\asm-9.7.jar;c:\Users\Sumanth Reddy\.vscode\extensions\vmware.vscode-spring-boot-1.55.1\language-server\BOOT-INF\lib\asm-analysis-9.7.jar;c:\Users\Sumanth Reddy\.vscode\extensions\vmware.vscode-spring-boot-1.55.1\language-server\BOOT-INF\lib\asm-tree-9.7.jar;c:\Users\Sumanth Reddy\.vscode\extensions\vmware.vscode-spring-boot-1.55.1\language-server\BOOT-INF\lib\asm-util-9.7.jar;c:\Users\Sumanth Reddy\.vscode\extensions\vmware.vscode-spring-boot-1.55.1\language-server\BOOT-INF\lib\caffeine-3.1.8.jar;c:\Users\Sumanth Reddy\.vscode\extensions\vmware.vscode-spring-boot-1.55.1\language-server\BOOT-INF\lib\checker-qual-3.12.0.jar;c:\Users\Sumanth Reddy\.vscode\extensions\vmware.vscode-spring-boot-1.55.1\language-server\BOOT-INF\lib\classgraph-4.8.149.jar;c:\Users\Sumanth Reddy\.vscode\extensions\vmware.vscode-spring-boot-1.55.1\language-server\BOOT-INF\lib\commons-codec-1.16.1.jar;c:\Users\Sumanth Reddy\.vscode\extensions\vmware.vscode-spring-boot-1.55.1\language-server\BOOT-INF\lib\commons-compress-1.26.1.jar;c:\Users\Sumanth Reddy\.vscode\extensions\vmware.vscode-spring-boot-1.55.1\language-server\BOOT-INF\lib\commons-io-2.16.1.jar;c:\Users\Sumanth Reddy\.vscode\extensions\vmware.vscode-spring-boot-1.55.1\language-server\BOOT-INF\lib\commons-java-1.55.1-SNAPSHOT.jar;c:\Users\Sumanth Reddy\.vscode\extensions\vmware.vscode-spring-boot-1.55.1\language-server\BOOT-INF\lib\commons-lang3-3.14.0.jar;c:\Users\Sumanth Reddy\.vscode\extensions\vmware.vscode-spring-boot-1.55.1\language-server\B
Launcher Type: SUN_STANDARD

[Global flags]
     intx CICompilerCount                          = 3                                         {product} {ergonomic}
     uint ConcGCThreads                            = 1                                         {product} {ergonomic}
     uint G1ConcRefinementThreads                  = 4                                         {product} {ergonomic}
   size_t G1HeapRegionSize                         = 1048576                                   {product} {ergonomic}
    uintx GCDrainStackTargetSize                   = 64                                        {product} {ergonomic}
   size_t InitialHeapSize                          = 58720256                                  {product} {ergonomic}
   size_t MarkStackSize                            = 4194304                                   {product} {ergonomic}
   size_t MaxHeapSize                              = 1073741824                                {product} {command line}
   size_t MinHeapDeltaBytes                        = 1048576                                   {product} {ergonomic}
   size_t MinHeapSize                              = 8388608                                   {product} {ergonomic}
    uintx NonProfiledCodeHeapSize                  = 0                                      {pd product} {ergonomic}
     bool ProfileInterpreter                       = false                                  {pd product} {command line}
    uintx ProfiledCodeHeapSize                     = 0                                      {pd product} {ergonomic}
   size_t SoftMaxHeapSize                          = 1073741824                             {manageable} {ergonomic}
     intx TieredStopAtLevel                        = 1                                         {product} {command line}
     bool UseCompressedClassPointers               = true                           {product lp64_product} {ergonomic}
     bool UseCompressedOops                        = true                           {product lp64_product} {ergonomic}
     bool UseG1GC                                  = true                                      {product} {ergonomic}
     bool UseLargePagesIndividualAllocation        = false                                  {pd product} {ergonomic}

Logging:
Log output configuration:
 #0: stdout all=warning,jni+resolve=off uptime,level,tags (reconfigured)
 #1: stderr all=off uptime,level,tags

Environment Variables:
PATH=C:\WINDOWS\system32;C:\WINDOWS;C:\WINDOWS\System32\Wbem;C:\WINDOWS\System32\WindowsPowerShell\v1.0\;C:\WINDOWS\System32\OpenSSH\;C:\Program Files\dotnet\;C:\Program Files\Git\cmd;C:\Program Files\nodejs\;C:\Users\Sumanth Reddy\AppData\Local\Programs\Python\Python312;C:\Program Files\Java\jdk-17;C:\Program Files\Java\jdk-17\bin;C:\Program Files\gradle-7.5;C:\Program Files\gradle-7.5\bin;C:\Users\Sumanth Reddy\AppData\Local\Programs\Python\Python312\Scripts\;C:\Users\Sumanth Reddy\AppData\Local\Programs\Python\Python312\;C:\Users\Sumanth Reddy\AppData\Local\Microsoft\WindowsApps;C:\Users\Sumanth Reddy\AppData\Local\Programs\Microsoft VS Code\bin;C:\Users\Sumanth Reddy\AppData\Roaming\npm;C:\Users\Sumanth Reddy\AppData\Local\Programs\Python\Python312;C:\Program Files\gradle-7.5\bin;C:\Program Files\gradle-7.5;
USERNAME=Sumanth Reddy
OS=Windows_NT
PROCESSOR_IDENTIFIER=AMD64 Family 23 Model 24 Stepping 1, AuthenticAMD
TMP=C:\Users\SUMANT~1\AppData\Local\Temp
TEMP=C:\Users\SUMANT~1\AppData\Local\Temp



Periodic native trim disabled


---------------  S Y S T E M  ---------------

OS:
 Windows 11 , 64 bit Build 22621 (10.0.22621.3672)
OS uptime: 0 days 8:55 hours

CPU: total 4 (initial active 4) (4 cores per cpu, 2 threads per core) family 23 model 24 stepping 1 microcode 0x0, cx8, cmov, fxsr, ht, mmx, 3dnowpref, sse, sse2, sse3, ssse3, sse4a, sse4.1, sse4.2, popcnt, lzcnt, tsc, tscinvbit, avx, avx2, aes, clmul, bmi1, bmi2, adx, sha, fma, vzeroupper, clflush, clflushopt
Processor Information for all 4 processors :
  Max Mhz: 2400, Current Mhz: 2400, Mhz Limit: 2400

Memory: 4k page, system-wide physical 3511M (157M free)
TotalPageFile size 14263M (AvailPageFile size 20M)
current process WorkingSet (physical memory assigned to process): 10M, peak: 10M
current process commit charge ("private bytes"): 46M, peak: 102M

vm_info: OpenJDK 64-Bit Server VM (17.0.11+9) for windows-amd64 JRE (17.0.11+9), built on Apr 17 2024 06:07:48 by "admin" with MS VC++ 16.10 / 16.11 (VS2019)

END.
