#
# There is insufficient memory for the Java Runtime Environment to continue.
# Native memory allocation (malloc) failed to allocate 1295856 bytes for Chunk::new
# Possible reasons:
#   The system is out of physical RAM or swap space
#   The process is running with CompressedOops enabled, and the Java Heap may be blocking the growth of the native heap
# Possible solutions:
#   Reduce memory load on the system
#   Increase physical memory or swap space
#   Check if swap backing store is full
#   Decrease Java heap size (-Xmx/-Xms)
#   Decrease number of Java threads
#   Decrease Java thread stack sizes (-Xss)
#   Set larger code cache with -XX:ReservedCodeCacheSize=
#   JVM is running with Unscaled Compressed Oops mode in which the Java heap is
#     placed in the first 4GB address space. The Java Heap base address is the
#     maximum limit for the native heap growth. Please use -XX:HeapBaseMinAddress
#     to set the Java Heap base and to place the Java Heap above 4GB virtual address.
# This output file may be truncated or incomplete.
#
#  Out of Memory Error (arena.cpp:189), pid=10428, tid=6872
#
# JRE version: Java(TM) SE Runtime Environment (17.0.8+9) (build 17.0.8+9-LTS-211)
# Java VM: Java HotSpot(TM) 64-Bit Server VM (17.0.8+9-LTS-211, mixed mode, sharing, tiered, compressed oops, compressed class ptrs, g1 gc, windows-amd64)
# No core dump will be written. Minidumps are not enabled by default on client versions of Windows
#

---------------  S U M M A R Y ------------

Command Line: --add-opens=java.base/java.util=ALL-UNNAMED --add-opens=java.base/java.lang=ALL-UNNAMED --add-opens=java.base/java.lang.invoke=ALL-UNNAMED --add-opens=java.prefs/java.util.prefs=ALL-UNNAMED --add-opens=java.base/java.nio.charset=ALL-UNNAMED --add-opens=java.base/java.net=ALL-UNNAMED --add-opens=java.base/java.util.concurrent.atomic=ALL-UNNAMED -XX:MaxMetaspaceSize=384m -XX:+HeapDumpOnOutOfMemoryError -Xms256m -Xmx512m -Dfile.encoding=windows-1252 -Duser.country=IN -Duser.language=en -Duser.variant org.gradle.launcher.daemon.bootstrap.GradleDaemon 8.0.2

Host: AMD Athlon 300U with Radeon Vega Mobile Gfx    , 4 cores, 3G,  Windows 11 , 64 bit Build 22621 (10.0.22621.3672)
Time: Wed Jun 19 21:39:26 2024 India Standard Time elapsed time: 479.149601 seconds (0d 0h 7m 59s)

---------------  T H R E A D  ---------------

Current thread (0x0000028b7d831e00):  JavaThread "C2 CompilerThread0" daemon [_thread_in_native, id=6872, stack(0x000000d790500000,0x000000d790600000)]


Current CompileTask:
C2: 479149 7491       4       org.apache.ivy.core.IvyPatternHelper::substituteVariables (213 bytes)

Stack: [0x000000d790500000,0x000000d790600000]
Native frames: (J=compiled Java code, j=interpreted, Vv=VM code, C=native code)
V  [jvm.dll+0x677d0a]
V  [jvm.dll+0x7d8c54]
V  [jvm.dll+0x7da3fe]
V  [jvm.dll+0x7daa63]
V  [jvm.dll+0x245c5f]
V  [jvm.dll+0xaaa6b]
V  [jvm.dll+0xab00c]
V  [jvm.dll+0x2ab5cf]
V  [jvm.dll+0x580435]
V  [jvm.dll+0x220b22]
V  [jvm.dll+0x220eff]
V  [jvm.dll+0x219e56]
V  [jvm.dll+0x217329]
V  [jvm.dll+0x1a3af0]
V  [jvm.dll+0x2270be]
V  [jvm.dll+0x22535b]
V  [jvm.dll+0x78e7bc]
V  [jvm.dll+0x788bba]
V  [jvm.dll+0x676b35]
C  [ucrtbase.dll+0x29333]
C  [KERNEL32.DLL+0x1257d]
C  [ntdll.dll+0x5af28]


---------------  P R O C E S S  ---------------

Threads class SMR info:
_java_thread_list=0x0000028b332d86c0, length=47, elements={
0x0000028b79f88020, 0x0000028b7d813b50, 0x0000028b7d8149c0, 0x0000028b7d82be60,
0x0000028b7d82c810, 0x0000028b7d82d1c0, 0x0000028b7d82db70, 0x0000028b7d831e00,
0x0000028b7d832cb0, 0x0000028b7d8366c0, 0x0000028b169d6fe0, 0x0000028b169dab00,
0x0000028b3134be00, 0x0000028b31a1b580, 0x0000028b313d3660, 0x0000028b30f5c290,
0x0000028b30f5c760, 0x0000028b30f5a5b0, 0x0000028b30f5cc30, 0x0000028b30f5aa80,
0x0000028b30f5d5d0, 0x0000028b31935730, 0x0000028b3193cab0, 0x0000028b3193b770,
0x0000028b3193add0, 0x0000028b3193b2a0, 0x0000028b31935c00, 0x0000028b319360d0,
0x0000028b319390f0, 0x0000028b319395c0, 0x0000028b31937410, 0x0000028b31938c20,
0x0000028b31939a90, 0x0000028b31938280, 0x0000028b31936a70, 0x0000028b3193c110,
0x0000028b319365a0, 0x0000028b319378e0, 0x0000028b30f5b8f0, 0x0000028b33405880,
0x0000028b33404070, 0x0000028b334053b0, 0x0000028b33404540, 0x0000028b31b86080,
0x0000028b31b873c0, 0x0000028b31b86550, 0x0000028b31b86a20
}

Java Threads: ( => current thread )
  0x0000028b79f88020 JavaThread "main" [_thread_blocked, id=13732, stack(0x000000d78f800000,0x000000d78f900000)]
  0x0000028b7d813b50 JavaThread "Reference Handler" daemon [_thread_blocked, id=1608, stack(0x000000d78ff00000,0x000000d790000000)]
  0x0000028b7d8149c0 JavaThread "Finalizer" daemon [_thread_blocked, id=10888, stack(0x000000d790000000,0x000000d790100000)]
  0x0000028b7d82be60 JavaThread "Signal Dispatcher" daemon [_thread_blocked, id=14056, stack(0x000000d790100000,0x000000d790200000)]
  0x0000028b7d82c810 JavaThread "Attach Listener" daemon [_thread_blocked, id=11964, stack(0x000000d790200000,0x000000d790300000)]
  0x0000028b7d82d1c0 JavaThread "Service Thread" daemon [_thread_blocked, id=10312, stack(0x000000d790300000,0x000000d790400000)]
  0x0000028b7d82db70 JavaThread "Monitor Deflation Thread" daemon [_thread_blocked, id=12380, stack(0x000000d790400000,0x000000d790500000)]
=>0x0000028b7d831e00 JavaThread "C2 CompilerThread0" daemon [_thread_in_native, id=6872, stack(0x000000d790500000,0x000000d790600000)]
  0x0000028b7d832cb0 JavaThread "C1 CompilerThread0" daemon [_thread_blocked, id=13680, stack(0x000000d790600000,0x000000d790700000)]
  0x0000028b7d8366c0 JavaThread "Sweeper thread" daemon [_thread_blocked, id=12640, stack(0x000000d790700000,0x000000d790800000)]
  0x0000028b169d6fe0 JavaThread "Common-Cleaner" daemon [_thread_blocked, id=12088, stack(0x000000d790800000,0x000000d790900000)]
  0x0000028b169dab00 JavaThread "Notification Thread" daemon [_thread_blocked, id=6304, stack(0x000000d790900000,0x000000d790a00000)]
  0x0000028b3134be00 JavaThread "Daemon health stats" [_thread_blocked, id=12660, stack(0x000000d790e00000,0x000000d790f00000)]
  0x0000028b31a1b580 JavaThread "Incoming local TCP Connector on port 53660" [_thread_in_native, id=11120, stack(0x000000d790f00000,0x000000d791000000)]
  0x0000028b313d3660 JavaThread "Daemon periodic checks" [_thread_blocked, id=11576, stack(0x000000d791000000,0x000000d791100000)]
  0x0000028b30f5c290 JavaThread "Cache worker for journal cache (C:\Users\Sumanth Reddy\.gradle\caches\journal-1)" [_thread_blocked, id=5352, stack(0x000000d791800000,0x000000d791900000)]
  0x0000028b30f5c760 JavaThread "File lock request listener" [_thread_in_native, id=4336, stack(0x000000d791900000,0x000000d791a00000)]
  0x0000028b30f5a5b0 JavaThread "Cache worker for file hash cache (C:\Users\Sumanth Reddy\.gradle\caches\8.0.2\fileHashes)" [_thread_blocked, id=1192, stack(0x000000d791a00000,0x000000d791b00000)]
  0x0000028b30f5cc30 JavaThread "File watcher server" daemon [_thread_in_native, id=10700, stack(0x000000d791b00000,0x000000d791c00000)]
  0x0000028b30f5aa80 JavaThread "File watcher consumer" daemon [_thread_blocked, id=10168, stack(0x000000d791c00000,0x000000d791d00000)]
  0x0000028b30f5d5d0 JavaThread "Cache worker for file content cache (C:\Users\Sumanth Reddy\.gradle\caches\8.0.2\fileContent)" [_thread_blocked, id=12848, stack(0x000000d791f00000,0x000000d792000000)]
  0x0000028b31935730 JavaThread "Cache worker for execution history cache (C:\Users\Sumanth Reddy\.gradle\caches\8.0.2\executionHistory)" [_thread_blocked, id=11092, stack(0x000000d792200000,0x000000d792300000)]
  0x0000028b3193cab0 JavaThread "jar transforms" [_thread_blocked, id=10508, stack(0x000000d792300000,0x000000d792400000)]
  0x0000028b3193b770 JavaThread "jar transforms Thread 2" [_thread_blocked, id=2920, stack(0x000000d792400000,0x000000d792500000)]
  0x0000028b3193add0 JavaThread "Daemon Thread 2" [_thread_blocked, id=10956, stack(0x000000d78f500000,0x000000d78f600000)]
  0x0000028b3193b2a0 JavaThread "Handler for socket connection from /127.0.0.1:53660 to /127.0.0.1:53869" [_thread_in_native, id=7392, stack(0x000000d78f600000,0x000000d78f700000)]
  0x0000028b31935c00 JavaThread "Cancel handler" [_thread_blocked, id=5176, stack(0x000000d78f700000,0x000000d78f800000)]
  0x0000028b319360d0 JavaThread "Daemon worker Thread 2" [_thread_blocked, id=9484, stack(0x000000d791100000,0x000000d791200000)]
  0x0000028b319390f0 JavaThread "Asynchronous log dispatcher for DefaultDaemonConnection: socket connection from /127.0.0.1:53660 to /127.0.0.1:53869" [_thread_blocked, id=13092, stack(0x000000d791200000,0x000000d791300000)]
  0x0000028b319395c0 JavaThread "Stdin handler" [_thread_blocked, id=9252, stack(0x000000d791300000,0x000000d791400000)]
  0x0000028b31937410 JavaThread "Daemon client event forwarder" [_thread_blocked, id=5016, stack(0x000000d791400000,0x000000d791500000)]
  0x0000028b31938c20 JavaThread "Cache worker for checksums cache (C:\Users\Sumanth Reddy\Downloads\Programs\online shopping\.gradle\8.0.2\checksums)" [_thread_blocked, id=11372, stack(0x000000d791700000,0x000000d791800000)]
  0x0000028b31939a90 JavaThread "Cache worker for cache directory md-rule (C:\Users\Sumanth Reddy\.gradle\caches\8.0.2\md-rule)" [_thread_blocked, id=13004, stack(0x000000d791d00000,0x000000d791e00000)]
  0x0000028b31938280 JavaThread "Cache worker for file hash cache (C:\Users\Sumanth Reddy\Downloads\Programs\online shopping\.gradle\8.0.2\fileHashes)" [_thread_blocked, id=9116, stack(0x000000d791e00000,0x000000d791f00000)]
  0x0000028b31936a70 JavaThread "Cache worker for cache directory md-supplier (C:\Users\Sumanth Reddy\.gradle\caches\8.0.2\md-supplier)" [_thread_blocked, id=5460, stack(0x000000d792000000,0x000000d792100000)]
  0x0000028b3193c110 JavaThread "jar transforms Thread 3" [_thread_blocked, id=14164, stack(0x000000d792100000,0x000000d792200000)]
  0x0000028b319365a0 JavaThread "jar transforms Thread 4" [_thread_blocked, id=8872, stack(0x000000d792500000,0x000000d792600000)]
  0x0000028b319378e0 JavaThread "Cache worker for dependencies-accessors (C:\Users\Sumanth Reddy\Downloads\Programs\online shopping\.gradle\8.0.2\dependencies-accessors)" [_thread_blocked, id=11828, stack(0x000000d792600000,0x000000d792700000)]
  0x0000028b30f5b8f0 JavaThread "Cache worker for Build Output Cleanup Cache (C:\Users\Sumanth Reddy\Downloads\Programs\online shopping\.gradle\buildOutputCleanup)" [_thread_blocked, id=14120, stack(0x000000d792800000,0x000000d792900000)]
  0x0000028b33405880 JavaThread "Unconstrained build operations" [_thread_blocked, id=3816, stack(0x000000d792900000,0x000000d792a00000)]
  0x0000028b33404070 JavaThread "Unconstrained build operations Thread 2" [_thread_blocked, id=4244, stack(0x000000d792a00000,0x000000d792b00000)]
  0x0000028b334053b0 JavaThread "Unconstrained build operations Thread 3" [_thread_blocked, id=10140, stack(0x000000d792b00000,0x000000d792c00000)]
  0x0000028b33404540 JavaThread "Unconstrained build operations Thread 4" [_thread_blocked, id=13736, stack(0x000000d792c00000,0x000000d792d00000)]
  0x0000028b31b86080 JavaThread "Unconstrained build operations Thread 5" [_thread_in_native, id=12184, stack(0x000000d792d00000,0x000000d792e00000)]
  0x0000028b31b873c0 JavaThread "Unconstrained build operations Thread 6" [_thread_blocked, id=11132, stack(0x000000d792e00000,0x000000d792f00000)]
  0x0000028b31b86550 JavaThread "Unconstrained build operations Thread 7" [_thread_blocked, id=13160, stack(0x000000d792f00000,0x000000d793000000)]
  0x0000028b31b86a20 JavaThread "Unconstrained build operations Thread 8" [_thread_blocked, id=5544, stack(0x000000d793000000,0x000000d793100000)]

Other Threads:
  0x0000028b7d80c3a0 VMThread "VM Thread" [stack: 0x000000d78fe00000,0x000000d78ff00000] [id=6192]
  0x0000028b79fc4c70 WatcherThread [stack: 0x000000d790a00000,0x000000d790b00000] [id=13544]
  0x0000028b79fb73d0 GCTaskThread "GC Thread#0" [stack: 0x000000d78f900000,0x000000d78fa00000] [id=5488]
  0x0000028b301cc800 GCTaskThread "GC Thread#1" [stack: 0x000000d790b00000,0x000000d790c00000] [id=10076]
  0x0000028b16bead70 GCTaskThread "GC Thread#2" [stack: 0x000000d790c00000,0x000000d790d00000] [id=13776]
  0x0000028b301efec0 GCTaskThread "GC Thread#3" [stack: 0x000000d790d00000,0x000000d790e00000] [id=6208]
  0x0000028b79fbcb20 ConcurrentGCThread "G1 Main Marker" [stack: 0x000000d78fa00000,0x000000d78fb00000] [id=1444]
  0x0000028b79fbdcd0 ConcurrentGCThread "G1 Conc#0" [stack: 0x000000d78fb00000,0x000000d78fc00000] [id=12888]
  0x0000028b7d6cc110 ConcurrentGCThread "G1 Refine#0" [stack: 0x000000d78fc00000,0x000000d78fd00000] [id=3320]
  0x0000028b32f41560 ConcurrentGCThread "G1 Refine#1" [stack: 0x000000d791500000,0x000000d791600000] [id=12300]
  0x0000028b32c361c0 ConcurrentGCThread "G1 Refine#2" [stack: 0x000000d791600000,0x000000d791700000] [id=12172]
  0x0000028b7d6ccb30 ConcurrentGCThread "G1 Service" [stack: 0x000000d78fd00000,0x000000d78fe00000] [id=14176]

Threads with active compile tasks:
C2 CompilerThread0   479210 7491       4       org.apache.ivy.core.IvyPatternHelper::substituteVariables (213 bytes)

VM state: not at safepoint (normal execution)

VM Mutex/Monitor currently owned by a thread: None

Heap address: 0x00000000e0000000, size: 512 MB, Compressed Oops mode: 32-bit

CDS archive(s) mapped at: [0x0000028b17000000-0x0000028b17bd0000-0x0000028b17bd0000), size 12386304, SharedBaseAddress: 0x0000028b17000000, ArchiveRelocationMode: 1.
Compressed class space mapped at: 0x0000028b18000000-0x0000028b2c000000, reserved size: 335544320
Narrow klass base: 0x0000028b17000000, Narrow klass shift: 0, Narrow klass range: 0x100000000

GC Precious Log:
 CPUs: 4 total, 4 available
 Memory: 3511M
 Large Page Support: Disabled
 NUMA Support: Disabled
 Compressed Oops: Enabled (32-bit)
 Heap Region Size: 1M
 Heap Min Capacity: 256M
 Heap Initial Capacity: 256M
 Heap Max Capacity: 512M
 Pre-touch: Disabled
 Parallel Workers: 4
 Concurrent Workers: 1
 Concurrent Refinement Workers: 4
 Periodic GC: Disabled

Heap:
 garbage-first heap   total 262144K, used 83603K [0x00000000e0000000, 0x0000000100000000)
  region size 1024K, 62 young (63488K), 15 survivors (15360K)
 Metaspace       used 55430K, committed 55872K, reserved 393216K
  class space    used 7370K, committed 7552K, reserved 327680K

Heap Regions: E=young(eden), S=young(survivor), O=old, HS=humongous(starts), HC=humongous(continues), CS=collection set, F=free, OA=open archive, CA=closed archive, TAMS=top-at-mark-start (previous, next)
|   0|0x00000000e0000000, 0x00000000e0100000, 0x00000000e0100000|100%| O|  |TAMS 0x00000000e0100000, 0x00000000e0000000| Untracked 
|   1|0x00000000e0100000, 0x00000000e0200000, 0x00000000e0200000|100%| O|  |TAMS 0x00000000e0200000, 0x00000000e0100000| Untracked 
|   2|0x00000000e0200000, 0x00000000e0300000, 0x00000000e0300000|100%|HS|  |TAMS 0x00000000e0300000, 0x00000000e0200000| Complete 
|   3|0x00000000e0300000, 0x00000000e0400000, 0x00000000e0400000|100%|HC|  |TAMS 0x00000000e0400000, 0x00000000e0300000| Complete 
|   4|0x00000000e0400000, 0x00000000e0500000, 0x00000000e0500000|100%|HC|  |TAMS 0x00000000e0500000, 0x00000000e0400000| Complete 
|   5|0x00000000e0500000, 0x00000000e0600000, 0x00000000e0600000|100%|HC|  |TAMS 0x00000000e0600000, 0x00000000e0500000| Complete 
|   6|0x00000000e0600000, 0x00000000e0700000, 0x00000000e0700000|100%| O|  |TAMS 0x00000000e0700000, 0x00000000e0600000| Untracked 
|   7|0x00000000e0700000, 0x00000000e0800000, 0x00000000e0800000|100%| O|  |TAMS 0x00000000e0800000, 0x00000000e0700000| Untracked 
|   8|0x00000000e0800000, 0x00000000e0900000, 0x00000000e0900000|100%| O|  |TAMS 0x00000000e0900000, 0x00000000e0800000| Untracked 
|   9|0x00000000e0900000, 0x00000000e0a00000, 0x00000000e0a00000|100%| O|  |TAMS 0x00000000e0a00000, 0x00000000e0900000| Untracked 
|  10|0x00000000e0a00000, 0x00000000e0b00000, 0x00000000e0b00000|100%| O|  |TAMS 0x00000000e0a1fa00, 0x00000000e0a00000| Untracked 
|  11|0x00000000e0b00000, 0x00000000e0b00000, 0x00000000e0c00000|  0%| F|  |TAMS 0x00000000e0b00000, 0x00000000e0b00000| Untracked 
|  12|0x00000000e0c00000, 0x00000000e0c00000, 0x00000000e0d00000|  0%| F|  |TAMS 0x00000000e0c00000, 0x00000000e0c00000| Untracked 
|  13|0x00000000e0d00000, 0x00000000e0d00000, 0x00000000e0e00000|  0%| F|  |TAMS 0x00000000e0d00000, 0x00000000e0d00000| Untracked 
|  14|0x00000000e0e00000, 0x00000000e0e00000, 0x00000000e0f00000|  0%| F|  |TAMS 0x00000000e0e00000, 0x00000000e0e00000| Untracked 
|  15|0x00000000e0f00000, 0x00000000e1000000, 0x00000000e1000000|100%| O|  |TAMS 0x00000000e0f00000, 0x00000000e0f00000| Untracked 
|  16|0x00000000e1000000, 0x00000000e1100000, 0x00000000e1100000|100%| O|  |TAMS 0x00000000e1000000, 0x00000000e1000000| Untracked 
|  17|0x00000000e1100000, 0x00000000e1200000, 0x00000000e1200000|100%| O|  |TAMS 0x00000000e1100000, 0x00000000e1100000| Untracked 
|  18|0x00000000e1200000, 0x00000000e1300000, 0x00000000e1300000|100%| O|  |TAMS 0x00000000e1200000, 0x00000000e1200000| Untracked 
|  19|0x00000000e1300000, 0x00000000e1400000, 0x00000000e1400000|100%| O|  |TAMS 0x00000000e1300000, 0x00000000e1300000| Untracked 
|  20|0x00000000e1400000, 0x00000000e1500000, 0x00000000e1500000|100%| O|  |TAMS 0x00000000e1400000, 0x00000000e1400000| Untracked 
|  21|0x00000000e1500000, 0x00000000e1600000, 0x00000000e1600000|100%| O|  |TAMS 0x00000000e1500000, 0x00000000e1500000| Untracked 
|  22|0x00000000e1600000, 0x00000000e1700000, 0x00000000e1700000|100%| O|  |TAMS 0x00000000e1600000, 0x00000000e1600000| Untracked 
|  23|0x00000000e1700000, 0x00000000e1800000, 0x00000000e1800000|100%| O|  |TAMS 0x00000000e1700000, 0x00000000e1700000| Untracked 
|  24|0x00000000e1800000, 0x00000000e1900000, 0x00000000e1900000|100%| O|  |TAMS 0x00000000e1800000, 0x00000000e1800000| Untracked 
|  25|0x00000000e1900000, 0x00000000e1900000, 0x00000000e1a00000|  0%| F|  |TAMS 0x00000000e1900000, 0x00000000e1900000| Untracked 
|  26|0x00000000e1a00000, 0x00000000e1a00000, 0x00000000e1b00000|  0%| F|  |TAMS 0x00000000e1a00000, 0x00000000e1a00000| Untracked 
|  27|0x00000000e1b00000, 0x00000000e1b00000, 0x00000000e1c00000|  0%| F|  |TAMS 0x00000000e1b00000, 0x00000000e1b00000| Untracked 
|  28|0x00000000e1c00000, 0x00000000e1c00000, 0x00000000e1d00000|  0%| F|  |TAMS 0x00000000e1c00000, 0x00000000e1c00000| Untracked 
|  29|0x00000000e1d00000, 0x00000000e1d00000, 0x00000000e1e00000|  0%| F|  |TAMS 0x00000000e1d00000, 0x00000000e1d00000| Untracked 
|  30|0x00000000e1e00000, 0x00000000e1e00000, 0x00000000e1f00000|  0%| F|  |TAMS 0x00000000e1e00000, 0x00000000e1e00000| Untracked 
|  31|0x00000000e1f00000, 0x00000000e1f00000, 0x00000000e2000000|  0%| F|  |TAMS 0x00000000e1f00000, 0x00000000e1f00000| Untracked 
|  32|0x00000000e2000000, 0x00000000e2000000, 0x00000000e2100000|  0%| F|  |TAMS 0x00000000e2000000, 0x00000000e2000000| Untracked 
|  33|0x00000000e2100000, 0x00000000e2100000, 0x00000000e2200000|  0%| F|  |TAMS 0x00000000e2100000, 0x00000000e2100000| Untracked 
|  34|0x00000000e2200000, 0x00000000e2200000, 0x00000000e2300000|  0%| F|  |TAMS 0x00000000e2200000, 0x00000000e2200000| Untracked 
|  35|0x00000000e2300000, 0x00000000e2300000, 0x00000000e2400000|  0%| F|  |TAMS 0x00000000e2300000, 0x00000000e2300000| Untracked 
|  36|0x00000000e2400000, 0x00000000e2400000, 0x00000000e2500000|  0%| F|  |TAMS 0x00000000e2400000, 0x00000000e2400000| Untracked 
|  37|0x00000000e2500000, 0x00000000e2500000, 0x00000000e2600000|  0%| F|  |TAMS 0x00000000e2500000, 0x00000000e2500000| Untracked 
|  38|0x00000000e2600000, 0x00000000e2600000, 0x00000000e2700000|  0%| F|  |TAMS 0x00000000e2600000, 0x00000000e2600000| Untracked 
|  39|0x00000000e2700000, 0x00000000e2700000, 0x00000000e2800000|  0%| F|  |TAMS 0x00000000e2700000, 0x00000000e2700000| Untracked 
|  40|0x00000000e2800000, 0x00000000e2800000, 0x00000000e2900000|  0%| F|  |TAMS 0x00000000e2800000, 0x00000000e2800000| Untracked 
|  41|0x00000000e2900000, 0x00000000e2900000, 0x00000000e2a00000|  0%| F|  |TAMS 0x00000000e2900000, 0x00000000e2900000| Untracked 
|  42|0x00000000e2a00000, 0x00000000e2a00000, 0x00000000e2b00000|  0%| F|  |TAMS 0x00000000e2a00000, 0x00000000e2a00000| Untracked 
|  43|0x00000000e2b00000, 0x00000000e2b00000, 0x00000000e2c00000|  0%| F|  |TAMS 0x00000000e2b00000, 0x00000000e2b00000| Untracked 
|  44|0x00000000e2c00000, 0x00000000e2c00000, 0x00000000e2d00000|  0%| F|  |TAMS 0x00000000e2c00000, 0x00000000e2c00000| Untracked 
|  45|0x00000000e2d00000, 0x00000000e2d00000, 0x00000000e2e00000|  0%| F|  |TAMS 0x00000000e2d00000, 0x00000000e2d00000| Untracked 
|  46|0x00000000e2e00000, 0x00000000e2e00000, 0x00000000e2f00000|  0%| F|  |TAMS 0x00000000e2e00000, 0x00000000e2e00000| Untracked 
|  47|0x00000000e2f00000, 0x00000000e2f00000, 0x00000000e3000000|  0%| F|  |TAMS 0x00000000e2f00000, 0x00000000e2f00000| Untracked 
|  48|0x00000000e3000000, 0x00000000e3000000, 0x00000000e3100000|  0%| F|  |TAMS 0x00000000e3000000, 0x00000000e3000000| Untracked 
|  49|0x00000000e3100000, 0x00000000e3100000, 0x00000000e3200000|  0%| F|  |TAMS 0x00000000e3100000, 0x00000000e3100000| Untracked 
|  50|0x00000000e3200000, 0x00000000e3200000, 0x00000000e3300000|  0%| F|  |TAMS 0x00000000e3200000, 0x00000000e3200000| Untracked 
|  51|0x00000000e3300000, 0x00000000e3300000, 0x00000000e3400000|  0%| F|  |TAMS 0x00000000e3300000, 0x00000000e3300000| Untracked 
|  52|0x00000000e3400000, 0x00000000e3400000, 0x00000000e3500000|  0%| F|  |TAMS 0x00000000e3400000, 0x00000000e3400000| Untracked 
|  53|0x00000000e3500000, 0x00000000e3500000, 0x00000000e3600000|  0%| F|  |TAMS 0x00000000e3500000, 0x00000000e3500000| Untracked 
|  54|0x00000000e3600000, 0x00000000e3600000, 0x00000000e3700000|  0%| F|  |TAMS 0x00000000e3600000, 0x00000000e3600000| Untracked 
|  55|0x00000000e3700000, 0x00000000e3700000, 0x00000000e3800000|  0%| F|  |TAMS 0x00000000e3700000, 0x00000000e3700000| Untracked 
|  56|0x00000000e3800000, 0x00000000e3800000, 0x00000000e3900000|  0%| F|  |TAMS 0x00000000e3800000, 0x00000000e3800000| Untracked 
|  57|0x00000000e3900000, 0x00000000e3900000, 0x00000000e3a00000|  0%| F|  |TAMS 0x00000000e3900000, 0x00000000e3900000| Untracked 
|  58|0x00000000e3a00000, 0x00000000e3a00000, 0x00000000e3b00000|  0%| F|  |TAMS 0x00000000e3a00000, 0x00000000e3a00000| Untracked 
|  59|0x00000000e3b00000, 0x00000000e3b00000, 0x00000000e3c00000|  0%| F|  |TAMS 0x00000000e3b00000, 0x00000000e3b00000| Untracked 
|  60|0x00000000e3c00000, 0x00000000e3c00000, 0x00000000e3d00000|  0%| F|  |TAMS 0x00000000e3c00000, 0x00000000e3c00000| Untracked 
|  61|0x00000000e3d00000, 0x00000000e3d00000, 0x00000000e3e00000|  0%| F|  |TAMS 0x00000000e3d00000, 0x00000000e3d00000| Untracked 
|  62|0x00000000e3e00000, 0x00000000e3e00000, 0x00000000e3f00000|  0%| F|  |TAMS 0x00000000e3e00000, 0x00000000e3e00000| Untracked 
|  63|0x00000000e3f00000, 0x00000000e3f00000, 0x00000000e4000000|  0%| F|  |TAMS 0x00000000e3f00000, 0x00000000e3f00000| Untracked 
|  64|0x00000000e4000000, 0x00000000e4000000, 0x00000000e4100000|  0%| F|  |TAMS 0x00000000e4000000, 0x00000000e4000000| Untracked 
|  65|0x00000000e4100000, 0x00000000e4100000, 0x00000000e4200000|  0%| F|  |TAMS 0x00000000e4100000, 0x00000000e4100000| Untracked 
|  66|0x00000000e4200000, 0x00000000e4200000, 0x00000000e4300000|  0%| F|  |TAMS 0x00000000e4200000, 0x00000000e4200000| Untracked 
|  67|0x00000000e4300000, 0x00000000e4300000, 0x00000000e4400000|  0%| F|  |TAMS 0x00000000e4300000, 0x00000000e4300000| Untracked 
|  68|0x00000000e4400000, 0x00000000e4400000, 0x00000000e4500000|  0%| F|  |TAMS 0x00000000e4400000, 0x00000000e4400000| Untracked 
|  69|0x00000000e4500000, 0x00000000e4500000, 0x00000000e4600000|  0%| F|  |TAMS 0x00000000e4500000, 0x00000000e4500000| Untracked 
|  70|0x00000000e4600000, 0x00000000e4600000, 0x00000000e4700000|  0%| F|  |TAMS 0x00000000e4600000, 0x00000000e4600000| Untracked 
|  71|0x00000000e4700000, 0x00000000e4700000, 0x00000000e4800000|  0%| F|  |TAMS 0x00000000e4700000, 0x00000000e4700000| Untracked 
|  72|0x00000000e4800000, 0x00000000e4800000, 0x00000000e4900000|  0%| F|  |TAMS 0x00000000e4800000, 0x00000000e4800000| Untracked 
|  73|0x00000000e4900000, 0x00000000e4900000, 0x00000000e4a00000|  0%| F|  |TAMS 0x00000000e4900000, 0x00000000e4900000| Untracked 
|  74|0x00000000e4a00000, 0x00000000e4a00000, 0x00000000e4b00000|  0%| F|  |TAMS 0x00000000e4a00000, 0x00000000e4a00000| Untracked 
|  75|0x00000000e4b00000, 0x00000000e4b00000, 0x00000000e4c00000|  0%| F|  |TAMS 0x00000000e4b00000, 0x00000000e4b00000| Untracked 
|  76|0x00000000e4c00000, 0x00000000e4c00000, 0x00000000e4d00000|  0%| F|  |TAMS 0x00000000e4c00000, 0x00000000e4c00000| Untracked 
|  77|0x00000000e4d00000, 0x00000000e4d00000, 0x00000000e4e00000|  0%| F|  |TAMS 0x00000000e4d00000, 0x00000000e4d00000| Untracked 
|  78|0x00000000e4e00000, 0x00000000e4e00000, 0x00000000e4f00000|  0%| F|  |TAMS 0x00000000e4e00000, 0x00000000e4e00000| Untracked 
|  79|0x00000000e4f00000, 0x00000000e4f00000, 0x00000000e5000000|  0%| F|  |TAMS 0x00000000e4f00000, 0x00000000e4f00000| Untracked 
|  80|0x00000000e5000000, 0x00000000e5000000, 0x00000000e5100000|  0%| F|  |TAMS 0x00000000e5000000, 0x00000000e5000000| Untracked 
|  81|0x00000000e5100000, 0x00000000e5100000, 0x00000000e5200000|  0%| F|  |TAMS 0x00000000e5100000, 0x00000000e5100000| Untracked 
|  82|0x00000000e5200000, 0x00000000e5200000, 0x00000000e5300000|  0%| F|  |TAMS 0x00000000e5200000, 0x00000000e5200000| Untracked 
|  83|0x00000000e5300000, 0x00000000e5300000, 0x00000000e5400000|  0%| F|  |TAMS 0x00000000e5300000, 0x00000000e5300000| Untracked 
|  84|0x00000000e5400000, 0x00000000e5400000, 0x00000000e5500000|  0%| F|  |TAMS 0x00000000e5400000, 0x00000000e5400000| Untracked 
|  85|0x00000000e5500000, 0x00000000e5500000, 0x00000000e5600000|  0%| F|  |TAMS 0x00000000e5500000, 0x00000000e5500000| Untracked 
|  86|0x00000000e5600000, 0x00000000e5600000, 0x00000000e5700000|  0%| F|  |TAMS 0x00000000e5600000, 0x00000000e5600000| Untracked 
|  87|0x00000000e5700000, 0x00000000e5700000, 0x00000000e5800000|  0%| F|  |TAMS 0x00000000e5700000, 0x00000000e5700000| Untracked 
|  88|0x00000000e5800000, 0x00000000e5800000, 0x00000000e5900000|  0%| F|  |TAMS 0x00000000e5800000, 0x00000000e5800000| Untracked 
|  89|0x00000000e5900000, 0x00000000e5900000, 0x00000000e5a00000|  0%| F|  |TAMS 0x00000000e5900000, 0x00000000e5900000| Untracked 
|  90|0x00000000e5a00000, 0x00000000e5a00000, 0x00000000e5b00000|  0%| F|  |TAMS 0x00000000e5a00000, 0x00000000e5a00000| Untracked 
|  91|0x00000000e5b00000, 0x00000000e5b00000, 0x00000000e5c00000|  0%| F|  |TAMS 0x00000000e5b00000, 0x00000000e5b00000| Untracked 
|  92|0x00000000e5c00000, 0x00000000e5c00000, 0x00000000e5d00000|  0%| F|  |TAMS 0x00000000e5c00000, 0x00000000e5c00000| Untracked 
|  93|0x00000000e5d00000, 0x00000000e5d00000, 0x00000000e5e00000|  0%| F|  |TAMS 0x00000000e5d00000, 0x00000000e5d00000| Untracked 
|  94|0x00000000e5e00000, 0x00000000e5e00000, 0x00000000e5f00000|  0%| F|  |TAMS 0x00000000e5e00000, 0x00000000e5e00000| Untracked 
|  95|0x00000000e5f00000, 0x00000000e5f00000, 0x00000000e6000000|  0%| F|  |TAMS 0x00000000e5f00000, 0x00000000e5f00000| Untracked 
|  96|0x00000000e6000000, 0x00000000e6000000, 0x00000000e6100000|  0%| F|  |TAMS 0x00000000e6000000, 0x00000000e6000000| Untracked 
|  97|0x00000000e6100000, 0x00000000e6100000, 0x00000000e6200000|  0%| F|  |TAMS 0x00000000e6100000, 0x00000000e6100000| Untracked 
|  98|0x00000000e6200000, 0x00000000e6200000, 0x00000000e6300000|  0%| F|  |TAMS 0x00000000e6200000, 0x00000000e6200000| Untracked 
|  99|0x00000000e6300000, 0x00000000e6300000, 0x00000000e6400000|  0%| F|  |TAMS 0x00000000e6300000, 0x00000000e6300000| Untracked 
| 100|0x00000000e6400000, 0x00000000e6400000, 0x00000000e6500000|  0%| F|  |TAMS 0x00000000e6400000, 0x00000000e6400000| Untracked 
| 101|0x00000000e6500000, 0x00000000e6500000, 0x00000000e6600000|  0%| F|  |TAMS 0x00000000e6500000, 0x00000000e6500000| Untracked 
| 102|0x00000000e6600000, 0x00000000e6600000, 0x00000000e6700000|  0%| F|  |TAMS 0x00000000e6600000, 0x00000000e6600000| Untracked 
| 103|0x00000000e6700000, 0x00000000e6700000, 0x00000000e6800000|  0%| F|  |TAMS 0x00000000e6700000, 0x00000000e6700000| Untracked 
| 104|0x00000000e6800000, 0x00000000e6800000, 0x00000000e6900000|  0%| F|  |TAMS 0x00000000e6800000, 0x00000000e6800000| Untracked 
| 105|0x00000000e6900000, 0x00000000e6900000, 0x00000000e6a00000|  0%| F|  |TAMS 0x00000000e6900000, 0x00000000e6900000| Untracked 
| 106|0x00000000e6a00000, 0x00000000e6a00000, 0x00000000e6b00000|  0%| F|  |TAMS 0x00000000e6a00000, 0x00000000e6a00000| Untracked 
| 107|0x00000000e6b00000, 0x00000000e6b00000, 0x00000000e6c00000|  0%| F|  |TAMS 0x00000000e6b00000, 0x00000000e6b00000| Untracked 
| 108|0x00000000e6c00000, 0x00000000e6c00000, 0x00000000e6d00000|  0%| F|  |TAMS 0x00000000e6c00000, 0x00000000e6c00000| Untracked 
| 109|0x00000000e6d00000, 0x00000000e6d00000, 0x00000000e6e00000|  0%| F|  |TAMS 0x00000000e6d00000, 0x00000000e6d00000| Untracked 
| 110|0x00000000e6e00000, 0x00000000e6e00000, 0x00000000e6f00000|  0%| F|  |TAMS 0x00000000e6e00000, 0x00000000e6e00000| Untracked 
| 111|0x00000000e6f00000, 0x00000000e6f00000, 0x00000000e7000000|  0%| F|  |TAMS 0x00000000e6f00000, 0x00000000e6f00000| Untracked 
| 112|0x00000000e7000000, 0x00000000e7000000, 0x00000000e7100000|  0%| F|  |TAMS 0x00000000e7000000, 0x00000000e7000000| Untracked 
| 113|0x00000000e7100000, 0x00000000e7100000, 0x00000000e7200000|  0%| F|  |TAMS 0x00000000e7100000, 0x00000000e7100000| Untracked 
| 114|0x00000000e7200000, 0x00000000e7200000, 0x00000000e7300000|  0%| F|  |TAMS 0x00000000e7200000, 0x00000000e7200000| Untracked 
| 115|0x00000000e7300000, 0x00000000e7300000, 0x00000000e7400000|  0%| F|  |TAMS 0x00000000e7300000, 0x00000000e7300000| Untracked 
| 116|0x00000000e7400000, 0x00000000e7400000, 0x00000000e7500000|  0%| F|  |TAMS 0x00000000e7400000, 0x00000000e7400000| Untracked 
| 117|0x00000000e7500000, 0x00000000e7500000, 0x00000000e7600000|  0%| F|  |TAMS 0x00000000e7500000, 0x00000000e7500000| Untracked 
| 118|0x00000000e7600000, 0x00000000e7600000, 0x00000000e7700000|  0%| F|  |TAMS 0x00000000e7600000, 0x00000000e7600000| Untracked 
| 119|0x00000000e7700000, 0x00000000e7700000, 0x00000000e7800000|  0%| F|  |TAMS 0x00000000e7700000, 0x00000000e7700000| Untracked 
| 120|0x00000000e7800000, 0x00000000e7800000, 0x00000000e7900000|  0%| F|  |TAMS 0x00000000e7800000, 0x00000000e7800000| Untracked 
| 121|0x00000000e7900000, 0x00000000e7900000, 0x00000000e7a00000|  0%| F|  |TAMS 0x00000000e7900000, 0x00000000e7900000| Untracked 
| 122|0x00000000e7a00000, 0x00000000e7a00000, 0x00000000e7b00000|  0%| F|  |TAMS 0x00000000e7a00000, 0x00000000e7a00000| Untracked 
| 123|0x00000000e7b00000, 0x00000000e7b00000, 0x00000000e7c00000|  0%| F|  |TAMS 0x00000000e7b00000, 0x00000000e7b00000| Untracked 
| 124|0x00000000e7c00000, 0x00000000e7c00000, 0x00000000e7d00000|  0%| F|  |TAMS 0x00000000e7c00000, 0x00000000e7c00000| Untracked 
| 125|0x00000000e7d00000, 0x00000000e7da4ce0, 0x00000000e7e00000| 64%| S|CS|TAMS 0x00000000e7d00000, 0x00000000e7d00000| Complete 
| 126|0x00000000e7e00000, 0x00000000e7f00000, 0x00000000e7f00000|100%| S|CS|TAMS 0x00000000e7e00000, 0x00000000e7e00000| Complete 
| 127|0x00000000e7f00000, 0x00000000e8000000, 0x00000000e8000000|100%| S|CS|TAMS 0x00000000e7f00000, 0x00000000e7f00000| Complete 
| 128|0x00000000e8000000, 0x00000000e8100000, 0x00000000e8100000|100%| S|CS|TAMS 0x00000000e8000000, 0x00000000e8000000| Complete 
| 129|0x00000000e8100000, 0x00000000e8200000, 0x00000000e8200000|100%| S|CS|TAMS 0x00000000e8100000, 0x00000000e8100000| Complete 
| 130|0x00000000e8200000, 0x00000000e8300000, 0x00000000e8300000|100%| S|CS|TAMS 0x00000000e8200000, 0x00000000e8200000| Complete 
| 131|0x00000000e8300000, 0x00000000e8400000, 0x00000000e8400000|100%| S|CS|TAMS 0x00000000e8300000, 0x00000000e8300000| Complete 
| 132|0x00000000e8400000, 0x00000000e8500000, 0x00000000e8500000|100%| S|CS|TAMS 0x00000000e8400000, 0x00000000e8400000| Complete 
| 133|0x00000000e8500000, 0x00000000e8600000, 0x00000000e8600000|100%| S|CS|TAMS 0x00000000e8500000, 0x00000000e8500000| Complete 
| 134|0x00000000e8600000, 0x00000000e8700000, 0x00000000e8700000|100%| S|CS|TAMS 0x00000000e8600000, 0x00000000e8600000| Complete 
| 135|0x00000000e8700000, 0x00000000e8800000, 0x00000000e8800000|100%| S|CS|TAMS 0x00000000e8700000, 0x00000000e8700000| Complete 
| 136|0x00000000e8800000, 0x00000000e8900000, 0x00000000e8900000|100%| S|CS|TAMS 0x00000000e8800000, 0x00000000e8800000| Complete 
| 137|0x00000000e8900000, 0x00000000e8a00000, 0x00000000e8a00000|100%| S|CS|TAMS 0x00000000e8900000, 0x00000000e8900000| Complete 
| 138|0x00000000e8a00000, 0x00000000e8b00000, 0x00000000e8b00000|100%| S|CS|TAMS 0x00000000e8a00000, 0x00000000e8a00000| Complete 
| 139|0x00000000e8b00000, 0x00000000e8c00000, 0x00000000e8c00000|100%| S|CS|TAMS 0x00000000e8b00000, 0x00000000e8b00000| Complete 
| 140|0x00000000e8c00000, 0x00000000e8c00000, 0x00000000e8d00000|  0%| F|  |TAMS 0x00000000e8c00000, 0x00000000e8c00000| Untracked 
| 141|0x00000000e8d00000, 0x00000000e8d00000, 0x00000000e8e00000|  0%| F|  |TAMS 0x00000000e8d00000, 0x00000000e8d00000| Untracked 
| 142|0x00000000e8e00000, 0x00000000e8e00000, 0x00000000e8f00000|  0%| F|  |TAMS 0x00000000e8e00000, 0x00000000e8e00000| Untracked 
| 143|0x00000000e8f00000, 0x00000000e8f00000, 0x00000000e9000000|  0%| F|  |TAMS 0x00000000e8f00000, 0x00000000e8f00000| Untracked 
| 144|0x00000000e9000000, 0x00000000e9000000, 0x00000000e9100000|  0%| F|  |TAMS 0x00000000e9000000, 0x00000000e9000000| Untracked 
| 145|0x00000000e9100000, 0x00000000e9100000, 0x00000000e9200000|  0%| F|  |TAMS 0x00000000e9100000, 0x00000000e9100000| Untracked 
| 146|0x00000000e9200000, 0x00000000e9200000, 0x00000000e9300000|  0%| F|  |TAMS 0x00000000e9200000, 0x00000000e9200000| Untracked 
| 147|0x00000000e9300000, 0x00000000e9300000, 0x00000000e9400000|  0%| F|  |TAMS 0x00000000e9300000, 0x00000000e9300000| Untracked 
| 148|0x00000000e9400000, 0x00000000e9400000, 0x00000000e9500000|  0%| F|  |TAMS 0x00000000e9400000, 0x00000000e9400000| Untracked 
| 149|0x00000000e9500000, 0x00000000e9500000, 0x00000000e9600000|  0%| F|  |TAMS 0x00000000e9500000, 0x00000000e9500000| Untracked 
| 150|0x00000000e9600000, 0x00000000e9600000, 0x00000000e9700000|  0%| F|  |TAMS 0x00000000e9600000, 0x00000000e9600000| Untracked 
| 151|0x00000000e9700000, 0x00000000e9700000, 0x00000000e9800000|  0%| F|  |TAMS 0x00000000e9700000, 0x00000000e9700000| Untracked 
| 152|0x00000000e9800000, 0x00000000e9800000, 0x00000000e9900000|  0%| F|  |TAMS 0x00000000e9800000, 0x00000000e9800000| Untracked 
| 153|0x00000000e9900000, 0x00000000e9900000, 0x00000000e9a00000|  0%| F|  |TAMS 0x00000000e9900000, 0x00000000e9900000| Untracked 
| 154|0x00000000e9a00000, 0x00000000e9a00000, 0x00000000e9b00000|  0%| F|  |TAMS 0x00000000e9a00000, 0x00000000e9a00000| Untracked 
| 155|0x00000000e9b00000, 0x00000000e9b00000, 0x00000000e9c00000|  0%| F|  |TAMS 0x00000000e9b00000, 0x00000000e9b00000| Untracked 
| 156|0x00000000e9c00000, 0x00000000e9c00000, 0x00000000e9d00000|  0%| F|  |TAMS 0x00000000e9c00000, 0x00000000e9c00000| Untracked 
| 157|0x00000000e9d00000, 0x00000000e9d00000, 0x00000000e9e00000|  0%| F|  |TAMS 0x00000000e9d00000, 0x00000000e9d00000| Untracked 
| 158|0x00000000e9e00000, 0x00000000e9e00000, 0x00000000e9f00000|  0%| F|  |TAMS 0x00000000e9e00000, 0x00000000e9e00000| Untracked 
| 159|0x00000000e9f00000, 0x00000000e9f00000, 0x00000000ea000000|  0%| F|  |TAMS 0x00000000e9f00000, 0x00000000e9f00000| Untracked 
| 160|0x00000000ea000000, 0x00000000ea000000, 0x00000000ea100000|  0%| F|  |TAMS 0x00000000ea000000, 0x00000000ea000000| Untracked 
| 161|0x00000000ea100000, 0x00000000ea100000, 0x00000000ea200000|  0%| F|  |TAMS 0x00000000ea100000, 0x00000000ea100000| Untracked 
| 162|0x00000000ea200000, 0x00000000ea200000, 0x00000000ea300000|  0%| F|  |TAMS 0x00000000ea200000, 0x00000000ea200000| Untracked 
| 163|0x00000000ea300000, 0x00000000ea300000, 0x00000000ea400000|  0%| F|  |TAMS 0x00000000ea300000, 0x00000000ea300000| Untracked 
| 164|0x00000000ea400000, 0x00000000ea400000, 0x00000000ea500000|  0%| F|  |TAMS 0x00000000ea400000, 0x00000000ea400000| Untracked 
| 165|0x00000000ea500000, 0x00000000ea500000, 0x00000000ea600000|  0%| F|  |TAMS 0x00000000ea500000, 0x00000000ea500000| Untracked 
| 166|0x00000000ea600000, 0x00000000ea600000, 0x00000000ea700000|  0%| F|  |TAMS 0x00000000ea600000, 0x00000000ea600000| Untracked 
| 167|0x00000000ea700000, 0x00000000ea700000, 0x00000000ea800000|  0%| F|  |TAMS 0x00000000ea700000, 0x00000000ea700000| Untracked 
| 168|0x00000000ea800000, 0x00000000ea800000, 0x00000000ea900000|  0%| F|  |TAMS 0x00000000ea800000, 0x00000000ea800000| Untracked 
| 169|0x00000000ea900000, 0x00000000ea900000, 0x00000000eaa00000|  0%| F|  |TAMS 0x00000000ea900000, 0x00000000ea900000| Untracked 
| 170|0x00000000eaa00000, 0x00000000eaa00000, 0x00000000eab00000|  0%| F|  |TAMS 0x00000000eaa00000, 0x00000000eaa00000| Untracked 
| 171|0x00000000eab00000, 0x00000000eab00000, 0x00000000eac00000|  0%| F|  |TAMS 0x00000000eab00000, 0x00000000eab00000| Untracked 
| 172|0x00000000eac00000, 0x00000000eac00000, 0x00000000ead00000|  0%| F|  |TAMS 0x00000000eac00000, 0x00000000eac00000| Untracked 
| 173|0x00000000ead00000, 0x00000000ead00000, 0x00000000eae00000|  0%| F|  |TAMS 0x00000000ead00000, 0x00000000ead00000| Untracked 
| 174|0x00000000eae00000, 0x00000000eae00000, 0x00000000eaf00000|  0%| F|  |TAMS 0x00000000eae00000, 0x00000000eae00000| Untracked 
| 175|0x00000000eaf00000, 0x00000000eaf00000, 0x00000000eb000000|  0%| F|  |TAMS 0x00000000eaf00000, 0x00000000eaf00000| Untracked 
| 176|0x00000000eb000000, 0x00000000eb000000, 0x00000000eb100000|  0%| F|  |TAMS 0x00000000eb000000, 0x00000000eb000000| Untracked 
| 177|0x00000000eb100000, 0x00000000eb100000, 0x00000000eb200000|  0%| F|  |TAMS 0x00000000eb100000, 0x00000000eb100000| Untracked 
| 178|0x00000000eb200000, 0x00000000eb200000, 0x00000000eb300000|  0%| F|  |TAMS 0x00000000eb200000, 0x00000000eb200000| Untracked 
| 179|0x00000000eb300000, 0x00000000eb300000, 0x00000000eb400000|  0%| F|  |TAMS 0x00000000eb300000, 0x00000000eb300000| Untracked 
| 180|0x00000000eb400000, 0x00000000eb400000, 0x00000000eb500000|  0%| F|  |TAMS 0x00000000eb400000, 0x00000000eb400000| Untracked 
| 181|0x00000000eb500000, 0x00000000eb500000, 0x00000000eb600000|  0%| F|  |TAMS 0x00000000eb500000, 0x00000000eb500000| Untracked 
| 182|0x00000000eb600000, 0x00000000eb600000, 0x00000000eb700000|  0%| F|  |TAMS 0x00000000eb600000, 0x00000000eb600000| Untracked 
| 183|0x00000000eb700000, 0x00000000eb700000, 0x00000000eb800000|  0%| F|  |TAMS 0x00000000eb700000, 0x00000000eb700000| Untracked 
| 184|0x00000000eb800000, 0x00000000eb800000, 0x00000000eb900000|  0%| F|  |TAMS 0x00000000eb800000, 0x00000000eb800000| Untracked 
| 185|0x00000000eb900000, 0x00000000eb900000, 0x00000000eba00000|  0%| F|  |TAMS 0x00000000eb900000, 0x00000000eb900000| Untracked 
| 186|0x00000000eba00000, 0x00000000eba00000, 0x00000000ebb00000|  0%| F|  |TAMS 0x00000000eba00000, 0x00000000eba00000| Untracked 
| 187|0x00000000ebb00000, 0x00000000ebb00000, 0x00000000ebc00000|  0%| F|  |TAMS 0x00000000ebb00000, 0x00000000ebb00000| Untracked 
| 188|0x00000000ebc00000, 0x00000000ebc00000, 0x00000000ebd00000|  0%| F|  |TAMS 0x00000000ebc00000, 0x00000000ebc00000| Untracked 
| 189|0x00000000ebd00000, 0x00000000ebd00000, 0x00000000ebe00000|  0%| F|  |TAMS 0x00000000ebd00000, 0x00000000ebd00000| Untracked 
| 190|0x00000000ebe00000, 0x00000000ebe00000, 0x00000000ebf00000|  0%| F|  |TAMS 0x00000000ebe00000, 0x00000000ebe00000| Untracked 
| 191|0x00000000ebf00000, 0x00000000ebf00000, 0x00000000ec000000|  0%| F|  |TAMS 0x00000000ebf00000, 0x00000000ebf00000| Untracked 
| 192|0x00000000ec000000, 0x00000000ec000000, 0x00000000ec100000|  0%| F|  |TAMS 0x00000000ec000000, 0x00000000ec000000| Untracked 
| 193|0x00000000ec100000, 0x00000000ec100000, 0x00000000ec200000|  0%| F|  |TAMS 0x00000000ec100000, 0x00000000ec100000| Untracked 
| 194|0x00000000ec200000, 0x00000000ec200000, 0x00000000ec300000|  0%| F|  |TAMS 0x00000000ec200000, 0x00000000ec200000| Untracked 
| 195|0x00000000ec300000, 0x00000000ec300000, 0x00000000ec400000|  0%| F|  |TAMS 0x00000000ec300000, 0x00000000ec300000| Untracked 
| 196|0x00000000ec400000, 0x00000000ec400000, 0x00000000ec500000|  0%| F|  |TAMS 0x00000000ec400000, 0x00000000ec400000| Untracked 
| 197|0x00000000ec500000, 0x00000000ec500000, 0x00000000ec600000|  0%| F|  |TAMS 0x00000000ec500000, 0x00000000ec500000| Untracked 
| 198|0x00000000ec600000, 0x00000000ec600000, 0x00000000ec700000|  0%| F|  |TAMS 0x00000000ec600000, 0x00000000ec600000| Untracked 
| 199|0x00000000ec700000, 0x00000000ec700000, 0x00000000ec800000|  0%| F|  |TAMS 0x00000000ec700000, 0x00000000ec700000| Untracked 
| 200|0x00000000ec800000, 0x00000000ec800000, 0x00000000ec900000|  0%| F|  |TAMS 0x00000000ec800000, 0x00000000ec800000| Untracked 
| 201|0x00000000ec900000, 0x00000000ec900000, 0x00000000eca00000|  0%| F|  |TAMS 0x00000000ec900000, 0x00000000ec900000| Untracked 
| 202|0x00000000eca00000, 0x00000000eca00000, 0x00000000ecb00000|  0%| F|  |TAMS 0x00000000eca00000, 0x00000000eca00000| Untracked 
| 203|0x00000000ecb00000, 0x00000000ecb00000, 0x00000000ecc00000|  0%| F|  |TAMS 0x00000000ecb00000, 0x00000000ecb00000| Untracked 
| 204|0x00000000ecc00000, 0x00000000ecc00000, 0x00000000ecd00000|  0%| F|  |TAMS 0x00000000ecc00000, 0x00000000ecc00000| Untracked 
| 205|0x00000000ecd00000, 0x00000000ecd00000, 0x00000000ece00000|  0%| F|  |TAMS 0x00000000ecd00000, 0x00000000ecd00000| Untracked 
| 206|0x00000000ece00000, 0x00000000ece00000, 0x00000000ecf00000|  0%| F|  |TAMS 0x00000000ece00000, 0x00000000ece00000| Untracked 
| 207|0x00000000ecf00000, 0x00000000ecf00000, 0x00000000ed000000|  0%| F|  |TAMS 0x00000000ecf00000, 0x00000000ecf00000| Untracked 
| 208|0x00000000ed000000, 0x00000000ed000000, 0x00000000ed100000|  0%| F|  |TAMS 0x00000000ed000000, 0x00000000ed000000| Untracked 
| 209|0x00000000ed100000, 0x00000000ed15ebb8, 0x00000000ed200000| 37%| E|  |TAMS 0x00000000ed100000, 0x00000000ed100000| Complete 
| 210|0x00000000ed200000, 0x00000000ed300000, 0x00000000ed300000|100%| E|CS|TAMS 0x00000000ed200000, 0x00000000ed200000| Complete 
| 211|0x00000000ed300000, 0x00000000ed400000, 0x00000000ed400000|100%| E|CS|TAMS 0x00000000ed300000, 0x00000000ed300000| Complete 
| 212|0x00000000ed400000, 0x00000000ed500000, 0x00000000ed500000|100%| E|CS|TAMS 0x00000000ed400000, 0x00000000ed400000| Complete 
| 213|0x00000000ed500000, 0x00000000ed600000, 0x00000000ed600000|100%| E|CS|TAMS 0x00000000ed500000, 0x00000000ed500000| Complete 
| 214|0x00000000ed600000, 0x00000000ed700000, 0x00000000ed700000|100%| E|CS|TAMS 0x00000000ed600000, 0x00000000ed600000| Complete 
| 215|0x00000000ed700000, 0x00000000ed800000, 0x00000000ed800000|100%| E|CS|TAMS 0x00000000ed700000, 0x00000000ed700000| Complete 
| 216|0x00000000ed800000, 0x00000000ed900000, 0x00000000ed900000|100%| E|CS|TAMS 0x00000000ed800000, 0x00000000ed800000| Complete 
| 217|0x00000000ed900000, 0x00000000eda00000, 0x00000000eda00000|100%| E|CS|TAMS 0x00000000ed900000, 0x00000000ed900000| Complete 
| 218|0x00000000eda00000, 0x00000000edb00000, 0x00000000edb00000|100%| E|CS|TAMS 0x00000000eda00000, 0x00000000eda00000| Complete 
| 219|0x00000000edb00000, 0x00000000edc00000, 0x00000000edc00000|100%| E|CS|TAMS 0x00000000edb00000, 0x00000000edb00000| Complete 
| 220|0x00000000edc00000, 0x00000000edd00000, 0x00000000edd00000|100%| E|CS|TAMS 0x00000000edc00000, 0x00000000edc00000| Complete 
| 221|0x00000000edd00000, 0x00000000ede00000, 0x00000000ede00000|100%| E|CS|TAMS 0x00000000edd00000, 0x00000000edd00000| Complete 
| 222|0x00000000ede00000, 0x00000000edf00000, 0x00000000edf00000|100%| E|CS|TAMS 0x00000000ede00000, 0x00000000ede00000| Complete 
| 223|0x00000000edf00000, 0x00000000ee000000, 0x00000000ee000000|100%| E|CS|TAMS 0x00000000edf00000, 0x00000000edf00000| Complete 
| 224|0x00000000ee000000, 0x00000000ee100000, 0x00000000ee100000|100%| E|CS|TAMS 0x00000000ee000000, 0x00000000ee000000| Complete 
| 225|0x00000000ee100000, 0x00000000ee200000, 0x00000000ee200000|100%| E|CS|TAMS 0x00000000ee100000, 0x00000000ee100000| Complete 
| 226|0x00000000ee200000, 0x00000000ee300000, 0x00000000ee300000|100%| E|CS|TAMS 0x00000000ee200000, 0x00000000ee200000| Complete 
| 227|0x00000000ee300000, 0x00000000ee400000, 0x00000000ee400000|100%| E|CS|TAMS 0x00000000ee300000, 0x00000000ee300000| Complete 
| 228|0x00000000ee400000, 0x00000000ee500000, 0x00000000ee500000|100%| E|CS|TAMS 0x00000000ee400000, 0x00000000ee400000| Complete 
| 229|0x00000000ee500000, 0x00000000ee600000, 0x00000000ee600000|100%| E|CS|TAMS 0x00000000ee500000, 0x00000000ee500000| Complete 
| 230|0x00000000ee600000, 0x00000000ee700000, 0x00000000ee700000|100%| E|CS|TAMS 0x00000000ee600000, 0x00000000ee600000| Complete 
| 231|0x00000000ee700000, 0x00000000ee800000, 0x00000000ee800000|100%| E|CS|TAMS 0x00000000ee700000, 0x00000000ee700000| Complete 
| 232|0x00000000ee800000, 0x00000000ee900000, 0x00000000ee900000|100%| E|CS|TAMS 0x00000000ee800000, 0x00000000ee800000| Complete 
| 233|0x00000000ee900000, 0x00000000eea00000, 0x00000000eea00000|100%| E|CS|TAMS 0x00000000ee900000, 0x00000000ee900000| Complete 
| 234|0x00000000eea00000, 0x00000000eeb00000, 0x00000000eeb00000|100%| E|CS|TAMS 0x00000000eea00000, 0x00000000eea00000| Complete 
| 235|0x00000000eeb00000, 0x00000000eec00000, 0x00000000eec00000|100%| E|CS|TAMS 0x00000000eeb00000, 0x00000000eeb00000| Complete 
| 236|0x00000000eec00000, 0x00000000eed00000, 0x00000000eed00000|100%| E|CS|TAMS 0x00000000eec00000, 0x00000000eec00000| Complete 
| 237|0x00000000eed00000, 0x00000000eee00000, 0x00000000eee00000|100%| E|CS|TAMS 0x00000000eed00000, 0x00000000eed00000| Complete 
| 238|0x00000000eee00000, 0x00000000eef00000, 0x00000000eef00000|100%| E|CS|TAMS 0x00000000eee00000, 0x00000000eee00000| Complete 
| 239|0x00000000eef00000, 0x00000000ef000000, 0x00000000ef000000|100%| E|CS|TAMS 0x00000000eef00000, 0x00000000eef00000| Complete 
| 240|0x00000000ef000000, 0x00000000ef100000, 0x00000000ef100000|100%| E|CS|TAMS 0x00000000ef000000, 0x00000000ef000000| Complete 
| 241|0x00000000ef100000, 0x00000000ef200000, 0x00000000ef200000|100%| E|CS|TAMS 0x00000000ef100000, 0x00000000ef100000| Complete 
| 242|0x00000000ef200000, 0x00000000ef300000, 0x00000000ef300000|100%| E|CS|TAMS 0x00000000ef200000, 0x00000000ef200000| Complete 
| 243|0x00000000ef300000, 0x00000000ef400000, 0x00000000ef400000|100%| E|CS|TAMS 0x00000000ef300000, 0x00000000ef300000| Complete 
| 244|0x00000000ef400000, 0x00000000ef500000, 0x00000000ef500000|100%| E|CS|TAMS 0x00000000ef400000, 0x00000000ef400000| Complete 
| 245|0x00000000ef500000, 0x00000000ef600000, 0x00000000ef600000|100%| E|CS|TAMS 0x00000000ef500000, 0x00000000ef500000| Complete 
| 246|0x00000000ef600000, 0x00000000ef700000, 0x00000000ef700000|100%| E|CS|TAMS 0x00000000ef600000, 0x00000000ef600000| Complete 
| 247|0x00000000ef700000, 0x00000000ef800000, 0x00000000ef800000|100%| E|CS|TAMS 0x00000000ef700000, 0x00000000ef700000| Complete 
| 248|0x00000000ef800000, 0x00000000ef900000, 0x00000000ef900000|100%| E|CS|TAMS 0x00000000ef800000, 0x00000000ef800000| Complete 
| 249|0x00000000ef900000, 0x00000000efa00000, 0x00000000efa00000|100%| E|CS|TAMS 0x00000000ef900000, 0x00000000ef900000| Complete 
| 250|0x00000000efa00000, 0x00000000efb00000, 0x00000000efb00000|100%| E|CS|TAMS 0x00000000efa00000, 0x00000000efa00000| Complete 
| 251|0x00000000efb00000, 0x00000000efc00000, 0x00000000efc00000|100%| E|CS|TAMS 0x00000000efb00000, 0x00000000efb00000| Complete 
| 252|0x00000000efc00000, 0x00000000efd00000, 0x00000000efd00000|100%| E|CS|TAMS 0x00000000efc00000, 0x00000000efc00000| Complete 
| 253|0x00000000efd00000, 0x00000000efe00000, 0x00000000efe00000|100%| E|CS|TAMS 0x00000000efd00000, 0x00000000efd00000| Complete 
| 254|0x00000000efe00000, 0x00000000eff00000, 0x00000000eff00000|100%| E|CS|TAMS 0x00000000efe00000, 0x00000000efe00000| Complete 
| 255|0x00000000eff00000, 0x00000000f0000000, 0x00000000f0000000|100%| E|CS|TAMS 0x00000000eff00000, 0x00000000eff00000| Complete 

Card table byte_map: [0x0000028b7a040000,0x0000028b7a140000] _byte_map_base: 0x0000028b79940000

Marking Bits (Prev, Next): (CMBitMap*) 0x0000028b79fb79e0, (CMBitMap*) 0x0000028b79fb7a20
 Prev Bits: [0x0000028b7a240000, 0x0000028b7aa40000)
 Next Bits: [0x0000028b7aa40000, 0x0000028b7b240000)

Polling page: 0x0000028b77f60000

Metaspace:

Usage:
  Non-class:     46.93 MB used.
      Class:      7.20 MB used.
       Both:     54.13 MB used.

Virtual space:
  Non-class space:       64.00 MB reserved,      47.19 MB ( 74%) committed,  1 nodes.
      Class space:      320.00 MB reserved,       7.38 MB (  2%) committed,  1 nodes.
             Both:      384.00 MB reserved,      54.56 MB ( 14%) committed. 

Chunk freelists:
   Non-Class:  400.00 KB
       Class:  8.50 MB
        Both:  8.89 MB

MaxMetaspaceSize: 384.00 MB
CompressedClassSpaceSize: 320.00 MB
Initial GC threshold: 21.00 MB
Current GC threshold: 58.69 MB
CDS: on
MetaspaceReclaimPolicy: balanced
 - commit_granule_bytes: 65536.
 - commit_granule_words: 8192.
 - virtual_space_node_default_size: 8388608.
 - enlarge_chunks_in_place: 1.
 - new_chunks_are_fully_committed: 0.
 - uncommit_free_chunks: 1.
 - use_allocation_guard: 0.
 - handle_deallocations: 1.


Internal statistics:

num_allocs_failed_limit: 6.
num_arena_births: 560.
num_arena_deaths: 0.
num_vsnodes_births: 2.
num_vsnodes_deaths: 0.
num_space_committed: 873.
num_space_uncommitted: 0.
num_chunks_returned_to_freelist: 6.
num_chunks_taken_from_freelist: 2414.
num_chunk_merges: 3.
num_chunk_splits: 1629.
num_chunks_enlarged: 1139.
num_purges: 0.
num_inconsistent_stats: 0.

CodeHeap 'non-profiled nmethods': size=120000Kb used=3455Kb max_used=3455Kb free=116544Kb
 bounds [0x0000028b0f2a0000, 0x0000028b0f600000, 0x0000028b167d0000]
CodeHeap 'profiled nmethods': size=120000Kb used=13099Kb max_used=13099Kb free=106900Kb
 bounds [0x0000028b077d0000, 0x0000028b084a0000, 0x0000028b0ed00000]
CodeHeap 'non-nmethods': size=5760Kb used=2377Kb max_used=2422Kb free=3382Kb
 bounds [0x0000028b0ed00000, 0x0000028b0ef70000, 0x0000028b0f2a0000]
 total_blobs=7579 nmethods=6676 adapters=815
 compilation: enabled
              stopped_count=0, restarted_count=0
 full_count=0

Compilation events (20 events):
Event: 479.025 Thread 0x0000028b7d832cb0 7539       1       com.sun.org.apache.xerces.internal.impl.dtd.DTDGrammarBucket::getActiveGrammar (5 bytes)
Event: 479.025 Thread 0x0000028b7d832cb0 nmethod 7539 0x0000028b0f5ff510 code [0x0000028b0f5ff6a0, 0x0000028b0f5ff778]
Event: 479.025 Thread 0x0000028b7d832cb0 7540       1       com.sun.org.apache.xerces.internal.impl.XMLDTDScannerImpl::setScannerState (6 bytes)
Event: 479.026 Thread 0x0000028b7d832cb0 nmethod 7540 0x0000028b0f5ff810 code [0x0000028b0f5ff9a0, 0x0000028b0f5ffa78]
Event: 479.026 Thread 0x0000028b7d832cb0 7541       1       com.sun.org.apache.xerces.internal.impl.validation.ValidationState::setEntityState (6 bytes)
Event: 479.026 Thread 0x0000028b7d832cb0 nmethod 7541 0x0000028b0f5ffb10 code [0x0000028b0f5ffca0, 0x0000028b0f5ffdb8]
Event: 479.027 Thread 0x0000028b7d832cb0 7543       3       org.gradle.internal.snapshot.impl.CoercingStringValueSnapshot::<init> (11 bytes)
Event: 479.027 Thread 0x0000028b7d832cb0 nmethod 7543 0x0000028b08496d10 code [0x0000028b08496ec0, 0x0000028b084971f8]
Event: 479.027 Thread 0x0000028b7d832cb0 7544       3       org.gradle.internal.snapshot.impl.StringValueSnapshot::<init> (6 bytes)
Event: 479.028 Thread 0x0000028b7d832cb0 nmethod 7544 0x0000028b08497310 code [0x0000028b084974c0, 0x0000028b08497738]
Event: 479.035 Thread 0x0000028b7d832cb0 7546       3       org.gradle.api.internal.artifacts.ModuleComponentSelectorSerializer::write (66 bytes)
Event: 479.036 Thread 0x0000028b7d832cb0 nmethod 7546 0x0000028b08497890 code [0x0000028b08497ae0, 0x0000028b08498438]
Event: 479.036 Thread 0x0000028b7d832cb0 7545       3       org.gradle.api.internal.artifacts.ivyservice.modulecache.ModuleMetadataSerializer$Writer::writeMavenExcludeRules (70 bytes)
Event: 479.037 Thread 0x0000028b7d832cb0 nmethod 7545 0x0000028b08498810 code [0x0000028b08498a80, 0x0000028b08499648]
Event: 479.080 Thread 0x0000028b7d832cb0 7548       3       com.google.common.cache.LocalCache::get (21 bytes)
Event: 479.082 Thread 0x0000028b7d832cb0 nmethod 7548 0x0000028b08499a10 code [0x0000028b08499c20, 0x0000028b0849a1b8]
Event: 479.087 Thread 0x0000028b7d832cb0 7549       3       java.util.concurrent.atomic.AtomicBoolean::<init> (5 bytes)
Event: 479.088 Thread 0x0000028b7d832cb0 nmethod 7549 0x0000028b0849a490 code [0x0000028b0849a620, 0x0000028b0849a778]
Event: 479.091 Thread 0x0000028b7d832cb0 7550       3       java.lang.System::getProperty (26 bytes)
Event: 479.092 Thread 0x0000028b7d832cb0 nmethod 7550 0x0000028b0849a810 code [0x0000028b0849aa40, 0x0000028b0849b278]

GC Heap History (12 events):
Event: 0.862 GC heap before
{Heap before GC invocations=0 (full 0):
 garbage-first heap   total 262144K, used 12288K [0x00000000e0000000, 0x0000000100000000)
  region size 1024K, 13 young (13312K), 0 survivors (0K)
 Metaspace       used 980K, committed 1152K, reserved 393216K
  class space    used 74K, committed 128K, reserved 327680K
}
Event: 0.869 GC heap after
{Heap after GC invocations=1 (full 0):
 garbage-first heap   total 262144K, used 3394K [0x00000000e0000000, 0x0000000100000000)
  region size 1024K, 2 young (2048K), 2 survivors (2048K)
 Metaspace       used 980K, committed 1152K, reserved 393216K
  class space    used 74K, committed 128K, reserved 327680K
}
Event: 1.819 GC heap before
{Heap before GC invocations=1 (full 0):
 garbage-first heap   total 262144K, used 22850K [0x00000000e0000000, 0x0000000100000000)
  region size 1024K, 17 young (17408K), 2 survivors (2048K)
 Metaspace       used 3839K, committed 4032K, reserved 393216K
  class space    used 475K, committed 576K, reserved 327680K
}
Event: 1.826 GC heap after
{Heap after GC invocations=2 (full 0):
 garbage-first heap   total 262144K, used 10525K [0x00000000e0000000, 0x0000000100000000)
  region size 1024K, 3 young (3072K), 3 survivors (3072K)
 Metaspace       used 3839K, committed 4032K, reserved 393216K
  class space    used 475K, committed 576K, reserved 327680K
}
Event: 2.425 GC heap before
{Heap before GC invocations=2 (full 0):
 garbage-first heap   total 262144K, used 31005K [0x00000000e0000000, 0x0000000100000000)
  region size 1024K, 24 young (24576K), 3 survivors (3072K)
 Metaspace       used 3943K, committed 4096K, reserved 393216K
  class space    used 476K, committed 576K, reserved 327680K
}
Event: 2.431 GC heap after
{Heap after GC invocations=3 (full 0):
 garbage-first heap   total 262144K, used 11989K [0x00000000e0000000, 0x0000000100000000)
  region size 1024K, 2 young (2048K), 2 survivors (2048K)
 Metaspace       used 3943K, committed 4096K, reserved 393216K
  class space    used 476K, committed 576K, reserved 327680K
}
Event: 8.619 GC heap before
{Heap before GC invocations=3 (full 0):
 garbage-first heap   total 262144K, used 119509K [0x00000000e0000000, 0x0000000100000000)
  region size 1024K, 107 young (109568K), 2 survivors (2048K)
 Metaspace       used 21165K, committed 21504K, reserved 393216K
  class space    used 3130K, committed 3264K, reserved 327680K
}
Event: 8.643 GC heap after
{Heap after GC invocations=4 (full 0):
 garbage-first heap   total 262144K, used 22296K [0x00000000e0000000, 0x0000000100000000)
  region size 1024K, 12 young (12288K), 12 survivors (12288K)
 Metaspace       used 21165K, committed 21504K, reserved 393216K
  class space    used 3130K, committed 3264K, reserved 327680K
}
Event: 12.512 GC heap before
{Heap before GC invocations=5 (full 0):
 garbage-first heap   total 262144K, used 118552K [0x00000000e0000000, 0x0000000100000000)
  region size 1024K, 104 young (106496K), 12 survivors (12288K)
 Metaspace       used 35568K, committed 35968K, reserved 393216K
  class space    used 4874K, committed 5056K, reserved 327680K
}
Event: 12.543 GC heap after
{Heap after GC invocations=6 (full 0):
 garbage-first heap   total 262144K, used 29462K [0x00000000e0000000, 0x0000000100000000)
  region size 1024K, 8 young (8192K), 8 survivors (8192K)
 Metaspace       used 35568K, committed 35968K, reserved 393216K
  class space    used 4874K, committed 5056K, reserved 327680K
}
Event: 470.992 GC heap before
{Heap before GC invocations=7 (full 0):
 garbage-first heap   total 262144K, used 139030K [0x00000000e0000000, 0x0000000100000000)
  region size 1024K, 116 young (118784K), 8 survivors (8192K)
 Metaspace       used 53364K, committed 53888K, reserved 393216K
  class space    used 7197K, committed 7424K, reserved 327680K
}
Event: 471.055 GC heap after
{Heap after GC invocations=8 (full 0):
 garbage-first heap   total 262144K, used 36499K [0x00000000e0000000, 0x0000000100000000)
  region size 1024K, 15 young (15360K), 15 survivors (15360K)
 Metaspace       used 53364K, committed 53888K, reserved 393216K
  class space    used 7197K, committed 7424K, reserved 327680K
}

Deoptimization events (20 events):
Event: 477.197 Thread 0x0000028b319360d0 DEOPT PACKING pc=0x0000028b08390de6 sp=0x000000d7911f3790
Event: 477.197 Thread 0x0000028b319360d0 DEOPT UNPACKING pc=0x0000028b0ed52b43 sp=0x000000d7911f2c30 mode 0
Event: 477.206 Thread 0x0000028b31b86080 DEOPT PACKING pc=0x0000028b08390de6 sp=0x000000d792df8980
Event: 477.206 Thread 0x0000028b31b86080 DEOPT UNPACKING pc=0x0000028b0ed52b43 sp=0x000000d792df7e20 mode 0
Event: 477.291 Thread 0x0000028b31b86080 DEOPT PACKING pc=0x0000028b07bfffdc sp=0x000000d792df79c0
Event: 477.291 Thread 0x0000028b31b86080 DEOPT UNPACKING pc=0x0000028b0ed52b43 sp=0x000000d792df6f40 mode 0
Event: 477.319 Thread 0x0000028b31b86080 Uncommon trap: trap_request=0xffffffde fr.pc=0x0000028b0f3589ec relative=0x000000000000124c
Event: 477.319 Thread 0x0000028b31b86080 Uncommon trap: reason=class_check action=maybe_recompile pc=0x0000028b0f3589ec method=java.util.concurrent.ConcurrentHashMap.putVal(Ljava/lang/Object;Ljava/lang/Object;Z)Ljava/lang/Object; @ 242 c2
Event: 477.319 Thread 0x0000028b31b86080 DEOPT PACKING pc=0x0000028b0f3589ec sp=0x000000d792df85c0
Event: 477.319 Thread 0x0000028b31b86080 DEOPT UNPACKING pc=0x0000028b0ed523a3 sp=0x000000d792df8530 mode 2
Event: 477.419 Thread 0x0000028b319360d0 Uncommon trap: trap_request=0xffffffde fr.pc=0x0000028b0f3589ec relative=0x000000000000124c
Event: 477.419 Thread 0x0000028b319360d0 Uncommon trap: reason=class_check action=maybe_recompile pc=0x0000028b0f3589ec method=java.util.concurrent.ConcurrentHashMap.putVal(Ljava/lang/Object;Ljava/lang/Object;Z)Ljava/lang/Object; @ 242 c2
Event: 477.419 Thread 0x0000028b319360d0 DEOPT PACKING pc=0x0000028b0f3589ec sp=0x000000d7911f44f0
Event: 477.420 Thread 0x0000028b319360d0 DEOPT UNPACKING pc=0x0000028b0ed523a3 sp=0x000000d7911f4460 mode 2
Event: 477.894 Thread 0x0000028b31b86080 Uncommon trap: trap_request=0xffffffde fr.pc=0x0000028b0f3589ec relative=0x000000000000124c
Event: 477.894 Thread 0x0000028b31b86080 Uncommon trap: reason=class_check action=maybe_recompile pc=0x0000028b0f3589ec method=java.util.concurrent.ConcurrentHashMap.putVal(Ljava/lang/Object;Ljava/lang/Object;Z)Ljava/lang/Object; @ 242 c2
Event: 477.894 Thread 0x0000028b31b86080 DEOPT PACKING pc=0x0000028b0f3589ec sp=0x000000d792dfa810
Event: 477.894 Thread 0x0000028b31b86080 DEOPT UNPACKING pc=0x0000028b0ed523a3 sp=0x000000d792dfa780 mode 2
Event: 478.085 Thread 0x0000028b31b86550 DEOPT PACKING pc=0x0000028b077dca7d sp=0x000000d792ff9c90
Event: 478.085 Thread 0x0000028b31b86550 DEOPT UNPACKING pc=0x0000028b0ed52b43 sp=0x000000d792ff9178 mode 0

Classes unloaded (0 events):
No events

Classes redefined (0 events):
No events

Internal exceptions (20 events):
Event: 467.643 Thread 0x0000028b319360d0 Exception <a 'sun/nio/fs/WindowsException'{0x00000000eaffa828}> (0x00000000eaffa828) 
thrown [s\open\src\hotspot\share\prims\jni.cpp, line 516]
Event: 470.409 Thread 0x0000028b319360d0 Exception <a 'java/lang/NoSuchMethodError'{0x00000000e8fb93d8}: 'int java.lang.invoke.DirectMethodHandle$Holder.invokeStatic(java.lang.Object)'> (0x00000000e8fb93d8) 
thrown [s\open\src\hotspot\share\interpreter\linkResolver.cpp, line 759]
Event: 470.410 Thread 0x0000028b319360d0 Exception <a 'java/lang/NoSuchMethodError'{0x00000000e8fbd7c8}: 'int java.lang.invoke.DirectMethodHandle$Holder.invokeStaticInit(java.lang.Object)'> (0x00000000e8fbd7c8) 
thrown [s\open\src\hotspot\share\interpreter\linkResolver.cpp, line 759]
Event: 470.483 Thread 0x0000028b319360d0 Exception <a 'java/lang/NoSuchMethodError'{0x00000000e8e2f5a8}: 'java.lang.Object java.lang.invoke.DirectMethodHandle$Holder.newInvokeSpecial(java.lang.Object, java.lang.Object, java.lang.Object, java.lang.Object, java.lang.Object, int)'> (0x00000000e8e2f5a8) 
thrown [s\open\src\hotspot\share\interpreter\linkResolver.cpp, line 759]
Event: 470.484 Thread 0x0000028b319360d0 Exception <a 'java/lang/NoSuchMethodError'{0x00000000e8e34758}: 'java.lang.Object java.lang.invoke.DirectMethodHandle$Holder.invokeSpecial(java.lang.Object, java.lang.Object, java.lang.Object, java.lang.Object, java.lang.Object, java.lang.Object, int)'> (0x00000000e8e34758) 
thrown [s\open\src\hotspot\share\interpreter\linkResolver.cpp, line 759]
Event: 470.485 Thread 0x0000028b319360d0 Exception <a 'java/lang/NoSuchMethodError'{0x00000000e8e394e8}: 'java.lang.Object java.lang.invoke.Invokers$Holder.linkToTargetMethod(java.lang.Object, java.lang.Object, java.lang.Object, java.lang.Object, int, java.lang.Object)'> (0x00000000e8e394e8) 
thrown [s\open\src\hotspot\share\interpreter\linkResolver.cpp, line 759]
Event: 470.579 Thread 0x0000028b319360d0 Exception <a 'java/lang/NoSuchMethodError'{0x00000000e8d12500}: 'void java.lang.invoke.DirectMethodHandle$Holder.invokeStatic(java.lang.Object, java.lang.Object, java.lang.Object, int, java.lang.Object)'> (0x00000000e8d12500) 
thrown [s\open\src\hotspot\share\interpreter\linkResolver.cpp, line 759]
Event: 471.070 Thread 0x0000028b7d8149c0 Implicit null exception at 0x0000028b0f4c0e03 to 0x0000028b0f4c0fc8
Event: 471.256 Thread 0x0000028b319360d0 Exception <a 'java/lang/NoSuchMethodError'{0x00000000efdbe3e8}: 'java.lang.Object java.lang.invoke.DelegatingMethodHandle$Holder.reinvoke_L(java.lang.Object, java.lang.Object, java.lang.Object, java.lang.Object, java.lang.Object, java.lang.Object, java.lang.Object, java.lang.Object, java.lang.Object, java.lang.Object, java.lang.Object, java.lang.Object, java.lang.Object, java.lang.Object, java.lang.Object, java.lang.Object, java.lang.Object, java.lang.Object, java.lang.Object, java.lang.Object, java.lang.O
Event: 471.259 Thread 0x0000028b319360d0 Exception <a 'java/lang/NoSuchMethodError'{0x00000000efdca108}: 'java.lang.Object java.lang.invoke.Invokers$Holder.invoker(java.lang.Object, java.lang.Object, java.lang.Object, java.lang.Object, java.lang.Object, java.lang.Object, java.lang.Object, java.lang.Object, java.lang.Object, java.lang.Object, java.lang.Object, java.lang.Object, java.lang.Object, java.lang.Object, java.lang.Object, java.lang.Object, java.lang.Object, java.lang.Object, java.lang.Object, java.lang.Object, java.lang.Object)'> (0x00000
Event: 471.260 Thread 0x0000028b319360d0 Exception <a 'java/lang/NoSuchMethodError'{0x00000000efdd1090}: 'java.lang.Object java.lang.invoke.DelegatingMethodHandle$Holder.delegate(java.lang.Object, java.lang.Object, java.lang.Object, java.lang.Object, java.lang.Object, java.lang.Object, java.lang.Object, java.lang.Object, java.lang.Object, java.lang.Object, java.lang.Object, java.lang.Object, java.lang.Object, java.lang.Object, java.lang.Object, java.lang.Object, java.lang.Object, java.lang.Object, java.lang.Object, java.lang.Object, java.lang.Obj
Event: 471.305 Thread 0x0000028b319360d0 Exception <a 'java/lang/NoSuchMethodError'{0x00000000efc93ee0}: 'java.lang.Object java.lang.invoke.DirectMethodHandle$Holder.invokeStatic(java.lang.Object, java.lang.Object, java.lang.Object, java.lang.Object, java.lang.Object, java.lang.Object, java.lang.Object, java.lang.Object, java.lang.Object, java.lang.Object, java.lang.Object, java.lang.Object, java.lang.Object, java.lang.Object, java.lang.Object, java.lang.Object, java.lang.Object)'> (0x00000000efc93ee0) 
thrown [s\open\src\hotspot\share\interprete
Event: 471.315 Thread 0x0000028b319360d0 Exception <a 'java/lang/NoSuchMethodError'{0x00000000efcbc268}: 'java.lang.Object java.lang.invoke.DirectMethodHandle$Holder.invokeStatic(java.lang.Object, java.lang.Object, java.lang.Object, java.lang.Object, java.lang.Object, java.lang.Object, java.lang.Object, java.lang.Object, java.lang.Object, java.lang.Object, java.lang.Object, java.lang.Object, java.lang.Object, java.lang.Object, java.lang.Object, java.lang.Object, java.lang.Object, java.lang.Object)'> (0x00000000efcbc268) 
thrown [s\open\src\hotspo
Event: 471.320 Thread 0x0000028b319360d0 Exception <a 'java/lang/NoSuchMethodError'{0x00000000efce5158}: 'java.lang.Object java.lang.invoke.DirectMethodHandle$Holder.invokeStatic(java.lang.Object, java.lang.Object, java.lang.Object, java.lang.Object, java.lang.Object, java.lang.Object, java.lang.Object, java.lang.Object, java.lang.Object, java.lang.Object, java.lang.Object, java.lang.Object, java.lang.Object, java.lang.Object, java.lang.Object, java.lang.Object, java.lang.Object, java.lang.Object, java.lang.Object)'> (0x00000000efce5158) 
thrown 
Event: 471.325 Thread 0x0000028b319360d0 Exception <a 'java/lang/NoSuchMethodError'{0x00000000efb0f438}: 'java.lang.Object java.lang.invoke.DirectMethodHandle$Holder.invokeStatic(java.lang.Object, java.lang.Object, java.lang.Object, java.lang.Object, java.lang.Object, java.lang.Object, java.lang.Object, java.lang.Object, java.lang.Object, java.lang.Object, java.lang.Object, java.lang.Object, java.lang.Object, java.lang.Object, java.lang.Object, java.lang.Object, java.lang.Object, java.lang.Object, java.lang.Object, java.lang.Object)'> (0x00000000
Event: 471.335 Thread 0x0000028b319360d0 Exception <a 'java/lang/NoSuchMethodError'{0x00000000efb3a2f0}: 'java.lang.Object java.lang.invoke.DirectMethodHandle$Holder.invokeStatic(java.lang.Object, java.lang.Object, java.lang.Object, java.lang.Object, java.lang.Object, java.lang.Object, java.lang.Object, java.lang.Object, java.lang.Object, java.lang.Object, java.lang.Object, java.lang.Object, java.lang.Object, java.lang.Object, java.lang.Object, java.lang.Object, java.lang.Object, java.lang.Object, java.lang.Object, java.lang.Object, java.lang.Obj
Event: 471.344 Thread 0x0000028b319360d0 Exception <a 'java/lang/NoSuchMethodError'{0x00000000efb65b48}: 'java.lang.Object java.lang.invoke.DirectMethodHandle$Holder.invokeStatic(java.lang.Object, java.lang.Object, java.lang.Object, java.lang.Object, java.lang.Object, java.lang.Object, java.lang.Object, java.lang.Object, java.lang.Object, java.lang.Object, java.lang.Object, java.lang.Object, java.lang.Object, java.lang.Object, java.lang.Object, java.lang.Object, java.lang.Object, java.lang.Object, java.lang.Object, java.lang.Object, java.lang.Obj
Event: 471.356 Thread 0x0000028b319360d0 Exception <a 'java/lang/NoSuchMethodError'{0x00000000efbbc210}: 'java.lang.Object java.lang.invoke.DirectMethodHandle$Holder.invokeStatic(java.lang.Object, java.lang.Object, java.lang.Object, java.lang.Object, java.lang.Object, java.lang.Object, java.lang.Object, java.lang.Object, java.lang.Object, java.lang.Object, java.lang.Object, java.lang.Object, java.lang.Object, java.lang.Object, java.lang.Object, java.lang.Object, java.lang.Object, java.lang.Object, java.lang.Object, java.lang.Object, java.lang.Obj
Event: 471.362 Thread 0x0000028b319360d0 Exception <a 'java/lang/NoSuchMethodError'{0x00000000efbeadf0}: 'java.lang.Object java.lang.invoke.DirectMethodHandle$Holder.invokeStatic(java.lang.Object, java.lang.Object, java.lang.Object, java.lang.Object, java.lang.Object, java.lang.Object, java.lang.Object, java.lang.Object, java.lang.Object, java.lang.Object, java.lang.Object, java.lang.Object, java.lang.Object, java.lang.Object, java.lang.Object, java.lang.Object, java.lang.Object, java.lang.Object, java.lang.Object, java.lang.Object, java.lang.Obj
Event: 471.505 Thread 0x0000028b319360d0 Implicit null exception at 0x0000028b0f49cd4b to 0x0000028b0f49cd70

VM Operations (20 events):
Event: 470.777 Executing VM operation: HandshakeAllThreads
Event: 470.777 Executing VM operation: HandshakeAllThreads done
Event: 470.777 Executing VM operation: Cleanup
Event: 470.777 Executing VM operation: Cleanup done
Event: 470.991 Executing VM operation: G1CollectForAllocation
Event: 471.056 Executing VM operation: G1CollectForAllocation done
Event: 472.065 Executing VM operation: Cleanup
Event: 472.065 Executing VM operation: Cleanup done
Event: 473.071 Executing VM operation: Cleanup
Event: 473.071 Executing VM operation: Cleanup done
Event: 474.077 Executing VM operation: Cleanup
Event: 474.077 Executing VM operation: Cleanup done
Event: 475.078 Executing VM operation: Cleanup
Event: 475.079 Executing VM operation: Cleanup done
Event: 476.093 Executing VM operation: Cleanup
Event: 476.093 Executing VM operation: Cleanup done
Event: 477.108 Executing VM operation: Cleanup
Event: 477.108 Executing VM operation: Cleanup done
Event: 478.110 Executing VM operation: Cleanup
Event: 478.113 Executing VM operation: Cleanup done

Events (20 events):
Event: 476.612 Thread 0x0000028b31b86550 Thread added: 0x0000028b31b86550
Event: 476.613 Thread 0x0000028b31b86a20 Thread added: 0x0000028b31b86a20
Event: 476.627 loading class java/util/concurrent/locks/ReentrantReadWriteLock$Sync$HoldCounter
Event: 476.628 loading class java/util/concurrent/locks/ReentrantReadWriteLock$Sync$HoldCounter done
Event: 476.712 loading class sun/security/ssl/PreSharedKeyExtension$PskIdentity
Event: 476.713 loading class sun/security/ssl/PreSharedKeyExtension$PskIdentity done
Event: 476.714 loading class sun/security/ssl/PreSharedKeyExtension$CHPreSharedKeySpec
Event: 476.715 loading class sun/security/ssl/PreSharedKeyExtension$CHPreSharedKeySpec done
Event: 476.715 loading class sun/security/ssl/PreSharedKeyExtension$PartialClientHelloMessage
Event: 476.716 loading class sun/security/ssl/PreSharedKeyExtension$PartialClientHelloMessage done
Event: 476.716 loading class sun/security/ssl/SSLEngineOutputRecord
Event: 476.718 loading class sun/security/ssl/SSLEngineOutputRecord done
Event: 476.719 loading class sun/security/ssl/SSLEngineOutputRecord$HandshakeFragment
Event: 476.721 loading class sun/security/ssl/SSLEngineOutputRecord$HandshakeFragment done
Event: 476.721 loading class sun/security/ssl/SSLEngineOutputRecord$HandshakeMemo
Event: 476.721 loading class sun/security/ssl/SSLEngineOutputRecord$RecordMemo
Event: 476.721 loading class sun/security/ssl/SSLEngineOutputRecord$RecordMemo done
Event: 476.721 loading class sun/security/ssl/SSLEngineOutputRecord$HandshakeMemo done
Event: 476.771 loading class sun/security/ssl/PreSharedKeyExtension$SHPreSharedKeySpec
Event: 476.771 loading class sun/security/ssl/PreSharedKeyExtension$SHPreSharedKeySpec done


Dynamic libraries:
0x00007ff755660000 - 0x00007ff755670000 	C:\Program Files\Java\jdk-17\bin\java.exe
0x00007ff9a82b0000 - 0x00007ff9a84c7000 	C:\WINDOWS\SYSTEM32\ntdll.dll
0x00007ff9a6f10000 - 0x00007ff9a6fd4000 	C:\WINDOWS\System32\KERNEL32.DLL
0x00007ff9a5ba0000 - 0x00007ff9a5f4c000 	C:\WINDOWS\System32\KERNELBASE.dll
0x00007ff9a0c80000 - 0x00007ff9a0d17000 	C:\WINDOWS\SYSTEM32\apphelp.dll
0x00007ff9a5910000 - 0x00007ff9a5a21000 	C:\WINDOWS\System32\ucrtbase.dll
0x00007ff994010000 - 0x00007ff99402b000 	C:\Program Files\Java\jdk-17\bin\VCRUNTIME140.dll
0x00007ff98f3c0000 - 0x00007ff98f3d9000 	C:\Program Files\Java\jdk-17\bin\jli.dll
0x00007ff9a6420000 - 0x00007ff9a64d2000 	C:\WINDOWS\System32\ADVAPI32.dll
0x00007ff9a6d40000 - 0x00007ff9a6de7000 	C:\WINDOWS\System32\msvcrt.dll
0x00007ff9a6150000 - 0x00007ff9a61fa000 	C:\WINDOWS\System32\sechost.dll
0x00007ff9a5fc0000 - 0x00007ff9a5fe8000 	C:\WINDOWS\System32\bcrypt.dll
0x00007ff9a6df0000 - 0x00007ff9a6f05000 	C:\WINDOWS\System32\RPCRT4.dll
0x00007ff9a7460000 - 0x00007ff9a760e000 	C:\WINDOWS\System32\USER32.dll
0x00007ff9961a0000 - 0x00007ff996433000 	C:\WINDOWS\WinSxS\amd64_microsoft.windows.common-controls_6595b64144ccf1df_6.0.22621.3672_none_2713b9d173822955\COMCTL32.dll
0x00007ff9a58e0000 - 0x00007ff9a5906000 	C:\WINDOWS\System32\win32u.dll
0x00007ff9a6c50000 - 0x00007ff9a6c79000 	C:\WINDOWS\System32\GDI32.dll
0x00007ff9a5740000 - 0x00007ff9a5859000 	C:\WINDOWS\System32\gdi32full.dll
0x00007ff9a56a0000 - 0x00007ff9a573a000 	C:\WINDOWS\System32\msvcp_win.dll
0x00007ff99b5a0000 - 0x00007ff99b5aa000 	C:\WINDOWS\SYSTEM32\VERSION.dll
0x00007ff9a7640000 - 0x00007ff9a7671000 	C:\WINDOWS\System32\IMM32.DLL
0x00007ff99dbf0000 - 0x00007ff99dbfc000 	C:\Program Files\Java\jdk-17\bin\vcruntime140_1.dll
0x00007ff980b80000 - 0x00007ff980c0e000 	C:\Program Files\Java\jdk-17\bin\msvcp140.dll
0x00007ff928ef0000 - 0x00007ff929ace000 	C:\Program Files\Java\jdk-17\bin\server\jvm.dll
0x00007ff9a7450000 - 0x00007ff9a7458000 	C:\WINDOWS\System32\PSAPI.DLL
0x00007ff98f800000 - 0x00007ff98f809000 	C:\WINDOWS\SYSTEM32\WSOCK32.dll
0x00007ff99f550000 - 0x00007ff99f584000 	C:\WINDOWS\SYSTEM32\WINMM.dll
0x00007ff9a7170000 - 0x00007ff9a71e1000 	C:\WINDOWS\System32\WS2_32.dll
0x00007ff9a4610000 - 0x00007ff9a4628000 	C:\WINDOWS\SYSTEM32\kernel.appcore.dll
0x00007ff99b1b0000 - 0x00007ff99b1ba000 	C:\Program Files\Java\jdk-17\bin\jimage.dll
0x00007ff990e30000 - 0x00007ff991062000 	C:\WINDOWS\SYSTEM32\DBGHELP.DLL
0x00007ff9a7ee0000 - 0x00007ff9a8268000 	C:\WINDOWS\System32\combase.dll
0x00007ff9a5ff0000 - 0x00007ff9a60c7000 	C:\WINDOWS\System32\OLEAUT32.dll
0x00007ff98fff0000 - 0x00007ff990022000 	C:\WINDOWS\SYSTEM32\dbgcore.DLL
0x00007ff9a5860000 - 0x00007ff9a58db000 	C:\WINDOWS\System32\bcryptPrimitives.dll
0x00007ff98b570000 - 0x00007ff98b595000 	C:\Program Files\Java\jdk-17\bin\java.dll
0x00007ff9795a0000 - 0x00007ff979677000 	C:\Program Files\Java\jdk-17\bin\jsvml.dll
0x00007ff9a7680000 - 0x00007ff9a7edc000 	C:\WINDOWS\System32\SHELL32.dll
0x00007ff9a3530000 - 0x00007ff9a3e27000 	C:\WINDOWS\SYSTEM32\windows.storage.dll
0x00007ff9a33f0000 - 0x00007ff9a352f000 	C:\WINDOWS\SYSTEM32\wintypes.dll
0x00007ff9a64e0000 - 0x00007ff9a65d4000 	C:\WINDOWS\System32\SHCORE.dll
0x00007ff9a6c80000 - 0x00007ff9a6cde000 	C:\WINDOWS\System32\shlwapi.dll
0x00007ff9a5510000 - 0x00007ff9a5531000 	C:\WINDOWS\SYSTEM32\profapi.dll
0x00007ff98df60000 - 0x00007ff98df79000 	C:\Program Files\Java\jdk-17\bin\net.dll
0x00007ff9a0d20000 - 0x00007ff9a0e56000 	C:\WINDOWS\SYSTEM32\WINHTTP.dll
0x00007ff9a4a80000 - 0x00007ff9a4ae9000 	C:\WINDOWS\system32\mswsock.dll
0x00007ff98b320000 - 0x00007ff98b336000 	C:\Program Files\Java\jdk-17\bin\nio.dll
0x00007ff98b250000 - 0x00007ff98b268000 	C:\Program Files\Java\jdk-17\bin\zip.dll
0x00007ff999c90000 - 0x00007ff999ca0000 	C:\Program Files\Java\jdk-17\bin\verify.dll
0x00007ff979400000 - 0x00007ff979427000 	C:\Users\Sumanth Reddy\.gradle\native\68d5fa5c4cc2d200863cafc0d521ce42e7d3e7ee720ec0a83991735586a16f82\windows-amd64\native-platform.dll
0x00007ff973000000 - 0x00007ff973144000 	C:\Users\Sumanth Reddy\.gradle\native\e376f236ea51e6404a007f0833ffe2c6e607c4080706a723a18a27aeea778392\windows-amd64\native-platform-file-events.dll
0x00007ff9996d0000 - 0x00007ff9996da000 	C:\Program Files\Java\jdk-17\bin\management.dll
0x00007ff9940a0000 - 0x00007ff9940ab000 	C:\Program Files\Java\jdk-17\bin\management_ext.dll
0x00007ff9a4ce0000 - 0x00007ff9a4cfb000 	C:\WINDOWS\SYSTEM32\CRYPTSP.dll
0x00007ff9a4570000 - 0x00007ff9a45a5000 	C:\WINDOWS\system32\rsaenh.dll
0x00007ff9a4b80000 - 0x00007ff9a4ba8000 	C:\WINDOWS\SYSTEM32\USERENV.dll
0x00007ff9a4d00000 - 0x00007ff9a4d0c000 	C:\WINDOWS\SYSTEM32\CRYPTBASE.dll
0x00007ff9a40d0000 - 0x00007ff9a40fd000 	C:\WINDOWS\SYSTEM32\IPHLPAPI.DLL
0x00007ff9a6fe0000 - 0x00007ff9a6fe9000 	C:\WINDOWS\System32\NSI.dll
0x00007ff9a0be0000 - 0x00007ff9a0bf9000 	C:\WINDOWS\SYSTEM32\dhcpcsvc6.DLL
0x00007ff9a0b30000 - 0x00007ff9a0b4f000 	C:\WINDOWS\SYSTEM32\dhcpcsvc.DLL
0x00007ff9a4150000 - 0x00007ff9a4248000 	C:\WINDOWS\SYSTEM32\DNSAPI.dll
0x00007ff999c60000 - 0x00007ff999c6e000 	C:\Program Files\Java\jdk-17\bin\sunmscapi.dll
0x00007ff9a5a30000 - 0x00007ff9a5b97000 	C:\WINDOWS\System32\CRYPT32.dll
0x00007ff9a4ea0000 - 0x00007ff9a4ece000 	C:\WINDOWS\SYSTEM32\ncrypt.dll
0x00007ff9a4e60000 - 0x00007ff9a4e97000 	C:\WINDOWS\SYSTEM32\NTASN1.dll
0x00007ff999920000 - 0x00007ff999928000 	C:\WINDOWS\system32\wshunix.dll
0x00007ff99c730000 - 0x00007ff99c73a000 	C:\Windows\System32\rasadhlp.dll
0x00007ff99d950000 - 0x00007ff99d9d3000 	C:\WINDOWS\System32\fwpuclnt.dll

dbghelp: loaded successfully - version: 4.0.5 - missing functions: none
symbol engine: initialized successfully - sym options: 0x614 - pdb path: .;C:\Program Files\Java\jdk-17\bin;C:\WINDOWS\SYSTEM32;C:\WINDOWS\WinSxS\amd64_microsoft.windows.common-controls_6595b64144ccf1df_6.0.22621.3672_none_2713b9d173822955;C:\Program Files\Java\jdk-17\bin\server;C:\Users\Sumanth Reddy\.gradle\native\68d5fa5c4cc2d200863cafc0d521ce42e7d3e7ee720ec0a83991735586a16f82\windows-amd64;C:\Users\Sumanth Reddy\.gradle\native\e376f236ea51e6404a007f0833ffe2c6e607c4080706a723a18a27aeea778392\windows-amd64

VM Arguments:
jvm_args: --add-opens=java.base/java.util=ALL-UNNAMED --add-opens=java.base/java.lang=ALL-UNNAMED --add-opens=java.base/java.lang.invoke=ALL-UNNAMED --add-opens=java.prefs/java.util.prefs=ALL-UNNAMED --add-opens=java.base/java.nio.charset=ALL-UNNAMED --add-opens=java.base/java.net=ALL-UNNAMED --add-opens=java.base/java.util.concurrent.atomic=ALL-UNNAMED -XX:MaxMetaspaceSize=384m -XX:+HeapDumpOnOutOfMemoryError -Xms256m -Xmx512m -Dfile.encoding=windows-1252 -Duser.country=IN -Duser.language=en -Duser.variant 
java_command: org.gradle.launcher.daemon.bootstrap.GradleDaemon 8.0.2
java_class_path (initial): C:\Users\Sumanth Reddy\.gradle\wrapper\dists\gradle-8.0.2-bin\25jlreiuz6u3xu2phlpa2vv4m\gradle-8.0.2\lib\gradle-launcher-8.0.2.jar
Launcher Type: SUN_STANDARD

[Global flags]
     intx CICompilerCount                          = 3                                         {product} {ergonomic}
   size_t CompressedClassSpaceSize                 = 335544320                                 {product} {ergonomic}
     uint ConcGCThreads                            = 1                                         {product} {ergonomic}
     uint G1ConcRefinementThreads                  = 4                                         {product} {ergonomic}
   size_t G1HeapRegionSize                         = 1048576                                   {product} {ergonomic}
    uintx GCDrainStackTargetSize                   = 64                                        {product} {ergonomic}
     bool HeapDumpOnOutOfMemoryError               = true                                   {manageable} {command line}
   size_t InitialHeapSize                          = 268435456                                 {product} {command line}
   size_t MarkStackSize                            = 4194304                                   {product} {ergonomic}
   size_t MaxHeapSize                              = 536870912                                 {product} {command line}
   size_t MaxMetaspaceSize                         = 402653184                                 {product} {command line}
   size_t MaxNewSize                               = 321912832                                 {product} {ergonomic}
   size_t MinHeapDeltaBytes                        = 1048576                                   {product} {ergonomic}
   size_t MinHeapSize                              = 268435456                                 {product} {command line}
    uintx NonNMethodCodeHeapSize                   = 5832780                                {pd product} {ergonomic}
    uintx NonProfiledCodeHeapSize                  = 122912730                              {pd product} {ergonomic}
    uintx ProfiledCodeHeapSize                     = 122912730                              {pd product} {ergonomic}
    uintx ReservedCodeCacheSize                    = 251658240                              {pd product} {ergonomic}
     bool SegmentedCodeCache                       = true                                      {product} {ergonomic}
   size_t SoftMaxHeapSize                          = 536870912                              {manageable} {ergonomic}
     bool UseCompressedClassPointers               = true                           {product lp64_product} {ergonomic}
     bool UseCompressedOops                        = true                           {product lp64_product} {ergonomic}
     bool UseG1GC                                  = true                                      {product} {ergonomic}
     bool UseLargePagesIndividualAllocation        = false                                  {pd product} {ergonomic}

Logging:
Log output configuration:
 #0: stdout all=warning uptime,level,tags
 #1: stderr all=off uptime,level,tags

Environment Variables:
PATH=C:\Users\Sumanth Reddy\bin;C:\Program Files\Git\mingw64\bin;C:\Program Files\Git\usr\local\bin;C:\Program Files\Git\usr\bin;C:\Program Files\Git\usr\bin;C:\Program Files\Git\mingw64\bin;C:\Program Files\Git\usr\bin;C:\Users\Sumanth Reddy\bin;C:\WINDOWS\system32;C:\WINDOWS;C:\WINDOWS\System32\Wbem;C:\WINDOWS\System32\WindowsPowerShell\v1.0;C:\WINDOWS\System32\OpenSSH;C:\Program Files\dotnet;C:\Program Files\Git\cmd;C:\Program Files\nodejs;C:\Users\Sumanth Reddy\AppData\Local\Programs\Python\Python312;C:\Program Files\Java\jdk-17;C:\Program Files\Java\jdk-17\bin;C:\Users\Sumanth Reddy\AppData\Local\Programs\Python\Python312\Scripts;C:\Users\Sumanth Reddy\AppData\Local\Programs\Python\Python312;C:\Users\Sumanth Reddy\AppData\Local\Microsoft\WindowsApps;C:\Users\Sumanth Reddy\AppData\Local\Programs\Microsoft VS Code\bin;C:\Users\Sumanth Reddy\AppData\Roaming\npm;C:\Users\Sumanth Reddy\AppData\Local\Programs\Python\Python312;C:\Program Files\Git\usr\bin\vendor_perl;C:\Program Files\Git\usr\bin\core_perl
USERNAME=Sumanth Reddy
SHELL=C:\Program Files\Git\usr\bin\bash.exe
DISPLAY=needs-to-be-defined
LANG=en_US.UTF-8
OS=Windows_NT
PROCESSOR_IDENTIFIER=AMD64 Family 23 Model 24 Stepping 1, AuthenticAMD



---------------  S Y S T E M  ---------------

OS:
 Windows 11 , 64 bit Build 22621 (10.0.22621.3672)
OS uptime: 1 days 13:33 hours

CPU: total 4 (initial active 4) (4 cores per cpu, 2 threads per core) family 23 model 24 stepping 1 microcode 0x0, cx8, cmov, fxsr, ht, mmx, 3dnowpref, sse, sse2, sse3, ssse3, sse4a, sse4.1, sse4.2, popcnt, lzcnt, tsc, tscinvbit, avx, avx2, aes, clmul, bmi1, bmi2, adx, sha, fma, vzeroupper, clflush, clflushopt

Memory: 4k page, system-wide physical 3511M (259M free)
TotalPageFile size 14263M (AvailPageFile size 3M)
current process WorkingSet (physical memory assigned to process): 227M, peak: 262M
current process commit charge ("private bytes"): 461M, peak: 463M

vm_info: Java HotSpot(TM) 64-Bit Server VM (17.0.8+9-LTS-211) for windows-amd64 JRE (17.0.8+9-LTS-211), built on Jun 14 2023 10:34:31 by "mach5one" with MS VC++ 17.1 (VS2022)

END.
